2024-05-29 05:23:23 +0000  Initial pipeline context: <IDEDistributionProcessingPipelineContext: 0x12ce97b20; archive(resolved)="<IDEArchive: 0x60001f93a1c0>", distributionTask(resolved)="2", distributionDestination(resolved)="1", distributionMethod(resolved)="<IDEDistributionMethodiOSAdHoc: 0x60000dfd3570>", team(resolved)="<IDEProvisioningDisambiguatableBasicTeam: 0x600004889280; teamID='JD7C46S439', teamName='Emile Burqan', teamType='Individual', username='emil.kanz@icloud.com', isFreeProvisioningTeam='0'>">
	Chain (16, self inclusive):
	<IDEDistributionProcessingPipelineContext: 0x12ce97b20; archive = "<IDEArchive: 0x60001f93a1c0>", distributionMethod="<IDEDistributionMethodiOSAdHoc: 0x60000dfd3570>", team="<IDEProvisioningDisambiguatableBasicTeam: 0x600004889280; teamID='JD7C46S439', teamName='Emile Burqan', teamType='Individual', username='emil.kanz@icloud.com', isFreeProvisioningTeam='0'>">
	<IDEDistributionProcessingPipelineContext: 0x12ce96ee0; archive = "<IDEArchive: 0x60001f93a1c0>", distributionMethod="<IDEDistributionMethodiOSAdHoc: 0x60000dfd3570>", team="<IDEProvisioningDisambiguatableBasicTeam: 0x600004889280; teamID='JD7C46S439', teamName='Emile Burqan', teamType='Individual', username='emil.kanz@icloud.com', isFreeProvisioningTeam='0'>">
	<IDEDistributionContext: 0x311fde3e0; archive = "<IDEArchive: 0x60001f93a1c0>", distributionMethod="<IDEDistributionMethodiOSAdHoc: 0x60000dfd3570>", team="<IDEProvisioningDisambiguatableBasicTeam: 0x600004889280; teamID='JD7C46S439', teamName='Emile Burqan', teamType='Individual', username='emil.kanz@icloud.com', isFreeProvisioningTeam='0'>">
	<IDEDistributionContext: 0x15d1cc5e0; archive = "<IDEArchive: 0x60001f93a1c0>", distributionMethod="<IDEDistributionMethodiOSAdHoc: 0x60000dfd3570>", team="<IDEProvisioningDisambiguatableBasicTeam: 0x600004889280; teamID='JD7C46S439', teamName='Emile Burqan', teamType='Individual', username='emil.kanz@icloud.com', isFreeProvisioningTeam='0'>">
	<IDEDistributionContext: 0x15d1cbb50; archive = "<IDEArchive: 0x60001f93a1c0>", distributionMethod="<IDEDistributionMethodiOSAdHoc: 0x60000dfd3570>", team="<IDEProvisioningDisambiguatableBasicTeam: 0x600004889280; teamID='JD7C46S439', teamName='Emile Burqan', teamType='Individual', username='emil.kanz@icloud.com', isFreeProvisioningTeam='0'>">
	<IDEDistributionContext: 0x15cef9830; archive = "<IDEArchive: 0x60001f93a1c0>", distributionMethod="<IDEDistributionMethodiOSAdHoc: 0x60000dfd3570>", team="<IDEProvisioningDisambiguatableBasicTeam: 0x600004889280; teamID='JD7C46S439', teamName='Emile Burqan', teamType='Individual', username='emil.kanz@icloud.com', isFreeProvisioningTeam='0'>">
	<IDEDistributionContext: 0x15d84a5e0; archive = "<IDEArchive: 0x60001f93a1c0>", distributionMethod="<IDEDistributionMethodiOSAdHoc: 0x60000dfd3570>", team="<IDEProvisioningDisambiguatableBasicTeam: 0x600004889280; teamID='JD7C46S439', teamName='Emile Burqan', teamType='Individual', username='emil.kanz@icloud.com', isFreeProvisioningTeam='0'>">
	<IDEDistributionContext: 0x12cec4e40; archive = "<IDEArchive: 0x60001f93a1c0>", distributionMethod="<IDEDistributionMethodiOSAdHoc: 0x60000dfd3570>", team="<IDEProvisioningDisambiguatableBasicTeam: 0x600004889280; teamID='JD7C46S439', teamName='Emile Burqan', teamType='Individual', username='emil.kanz@icloud.com', isFreeProvisioningTeam='0'>">
	<IDEDistributionContext: 0x12ce69270; archive = "<IDEArchive: 0x60001f93a1c0>", distributionMethod="<IDEDistributionMethodiOSAdHoc: 0x60000dfd3570>", team="<IDEProvisioningDisambiguatableBasicTeam: 0x600004889280; teamID='JD7C46S439', teamName='Emile Burqan', teamType='Individual', username='emil.kanz@icloud.com', isFreeProvisioningTeam='0'>">
	<IDEDistributionContext: 0x12ce603f0; archive = "<IDEArchive: 0x60001f93a1c0>", distributionMethod="<IDEDistributionMethodiOSAdHoc: 0x60000dfd3570>", team="(null)">
	<IDEDistributionContext: 0x12d2a7620; archive = "<IDEArchive: 0x60001f93a1c0>", distributionMethod="<IDEDistributionMethodiOSAdHoc: 0x60000dfd3570>", team="(null)">
	<IDEDistributionContext: 0x15d849ef0; archive = "<IDEArchive: 0x60001f93a1c0>", distributionMethod="<IDEDistributionMethodiOSAdHoc: 0x60000dfd3570>", team="(null)">
	<IDEDistributionContext: 0x12c545870; archive = "<IDEArchive: 0x60001f93a1c0>", distributionMethod="<IDEDistributionMethodiOSAdHoc: 0x60000dfd3570>", team="(null)">
	<IDEDistributionContext: 0x15d1a75e0; archive = "<IDEArchive: 0x60001f93a1c0>", distributionMethod="(null)", team="(null)">
	<IDEDistributionContext: 0x12c0a8f60; archive = "<IDEArchive: 0x60001f93a1c0>", distributionMethod="(null)", team="(null)">
	<IDEDistributionContext: 0x31fbbfc60; archive = "<IDEArchive: 0x60001f93a1c0>", distributionMethod="(null)", team="(null)">
</IDEDistributionProcessingPipelineContext: 0x12ce97b20>
2024-05-29 05:23:23 +0000  Processing step: IDEDistributionCreateDestRootStep
2024-05-29 05:23:23 +0000  Processing step: IDEDistributionCopyItemStep
2024-05-29 05:23:23 +0000  Running /usr/bin/ditto '-V' '/Users/tecsense/Library/Developer/Xcode/Archives/2024-05-29/AllIn 29-05-24, 10.52 AM.xcarchive/Products/Applications/AllIn.app' '/var/folders/kt/88rnxc0x0jx5gltvnrtvyy4h0000gn/T/XcodeDistPipeline.~~~8cn4Cc/Root/Payload/AllIn.app'
2024-05-29 05:23:23 +0000  >>> Copying /Users/tecsense/Library/Developer/Xcode/Archives/2024-05-29/AllIn 29-05-24, 10.52 AM.xcarchive/Products/Applications/AllIn.app 
2024-05-29 05:23:23 +0000  copying file ./_CodeSignature/CodeResources ... 
2024-05-29 05:23:23 +0000  54160 bytes for ./_CodeSignature/CodeResources
2024-05-29 05:23:23 +0000  copying file ./FirebaseCore_Privacy.bundle/PrivacyInfo.xcprivacy ... 
2024-05-29 05:23:23 +0000  855 bytes for ./FirebaseCore_Privacy.bundle/PrivacyInfo.xcprivacy
2024-05-29 05:23:23 +0000  copying file ./FirebaseCore_Privacy.bundle/Info.plist ... 
2024-05-29 05:23:23 +0000  789 bytes for ./FirebaseCore_Privacy.bundle/Info.plist
2024-05-29 05:23:23 +0000  copying file ./SFProDisplay-Ultralight.ttf ... 
2024-05-29 05:23:23 +0000  434912 bytes for ./SFProDisplay-Ultralight.ttf
2024-05-29 05:23:23 +0000  copying file ./AllIn ... 
2024-05-29 05:23:23 +0000  6027632 bytes for ./AllIn
2024-05-29 05:23:23 +0000  copying file ./FBLPromises_Privacy.bundle/PrivacyInfo.xcprivacy ... 
373 bytes for ./FBLPromises_Privacy.bundle/PrivacyInfo.xcprivacy
copying file ./FBLPromises_Privacy.bundle/Info.plist ... 
784 bytes for ./FBLPromises_Privacy.bundle/Info.plist
copying file ./FirebaseCoreInternal_Privacy.bundle/PrivacyInfo.xcprivacy ... 
855 bytes for ./FirebaseCoreInternal_Privacy.bundle/PrivacyInfo.xcprivacy
copying file ./FirebaseCoreInternal_Privacy.bundle/Info.plist ... 
805 bytes for ./FirebaseCoreInternal_Privacy.bundle/Info.plist
2024-05-29 05:23:23 +0000  copying file ./GoogleDataTransport_Privacy.bundle/PrivacyInfo.xcprivacy ... 
2024-05-29 05:23:23 +0000  1105 bytes for ./GoogleDataTransport_Privacy.bundle/PrivacyInfo.xcprivacy
2024-05-29 05:23:23 +0000  copying file ./GoogleDataTransport_Privacy.bundle/Info.plist ... 
2024-05-29 05:23:23 +0000  800 bytes for ./GoogleDataTransport_Privacy.bundle/Info.plist
2024-05-29 05:23:23 +0000  copying file ./SFProDisplay-Medium.ttf ... 
2024-05-29 05:23:23 +0000  433584 bytes for ./SFProDisplay-Medium.ttf
2024-05-29 05:23:23 +0000  copying file ./SFProDisplay-Black.ttf ... 
2024-05-29 05:23:23 +0000  426564 bytes for ./SFProDisplay-Black.ttf
2024-05-29 05:23:23 +0000  copying file ./nanopb_Privacy.bundle/PrivacyInfo.xcprivacy ... 
2024-05-29 05:23:23 +0000  374 bytes for ./nanopb_Privacy.bundle/PrivacyInfo.xcprivacy
2024-05-29 05:23:23 +0000  copying file ./nanopb_Privacy.bundle/Info.plist ... 
2024-05-29 05:23:23 +0000  776 bytes for ./nanopb_Privacy.bundle/Info.plist
2024-05-29 05:23:23 +0000  copying file ./FirebaseMessaging_Privacy.bundle/PrivacyInfo.xcprivacy ... 
2024-05-29 05:23:23 +0000  2357 bytes for ./FirebaseMessaging_Privacy.bundle/PrivacyInfo.xcprivacy
2024-05-29 05:23:23 +0000  copying file ./FirebaseMessaging_Privacy.bundle/Info.plist ... 
2024-05-29 05:23:23 +0000  799 bytes for ./FirebaseMessaging_Privacy.bundle/Info.plist
2024-05-29 05:23:23 +0000  copying file ./GoogleService-Info.plist ... 
2024-05-29 05:23:23 +0000  496 bytes for ./GoogleService-Info.plist
2024-05-29 05:23:23 +0000  copying file ./FirebaseCoreExtension_Privacy.bundle/PrivacyInfo.xcprivacy ... 
2024-05-29 05:23:23 +0000  478 bytes for ./FirebaseCoreExtension_Privacy.bundle/PrivacyInfo.xcprivacy
2024-05-29 05:23:23 +0000  copying file ./FirebaseCoreExtension_Privacy.bundle/Info.plist ... 
2024-05-29 05:23:23 +0000  807 bytes for ./FirebaseCoreExtension_Privacy.bundle/Info.plist
2024-05-29 05:23:23 +0000  copying file ./SFProDisplay-Light.ttf ... 
2024-05-29 05:23:23 +0000  432484 bytes for ./SFProDisplay-Light.ttf
2024-05-29 05:23:23 +0000  copying file ./SFProDisplay-Regular.ttf ... 
2024-05-29 05:23:23 +0000  413924 bytes for ./SFProDisplay-Regular.ttf
2024-05-29 05:23:23 +0000  copying file ./RNPermissionsPrivacyInfo.bundle/PrivacyInfo.xcprivacy ... 
2024-05-29 05:23:23 +0000  598 bytes for ./RNPermissionsPrivacyInfo.bundle/PrivacyInfo.xcprivacy
2024-05-29 05:23:23 +0000  copying file ./RNPermissionsPrivacyInfo.bundle/Info.plist ... 
2024-05-29 05:23:23 +0000  795 bytes for ./RNPermissionsPrivacyInfo.bundle/Info.plist
2024-05-29 05:23:23 +0000  copying file ./FirebaseInstallations_Privacy.bundle/PrivacyInfo.xcprivacy ... 
2024-05-29 05:23:23 +0000  1105 bytes for ./FirebaseInstallations_Privacy.bundle/PrivacyInfo.xcprivacy
2024-05-29 05:23:23 +0000  copying file ./FirebaseInstallations_Privacy.bundle/Info.plist ... 
2024-05-29 05:23:23 +0000  807 bytes for ./FirebaseInstallations_Privacy.bundle/Info.plist
2024-05-29 05:23:23 +0000  copying file ./GoogleUtilities_Privacy.bundle/PrivacyInfo.xcprivacy ... 
2024-05-29 05:23:23 +0000  1289 bytes for ./GoogleUtilities_Privacy.bundle/PrivacyInfo.xcprivacy
2024-05-29 05:23:23 +0000  copying file ./GoogleUtilities_Privacy.bundle/Info.plist ... 
2024-05-29 05:23:23 +0000  793 bytes for ./GoogleUtilities_Privacy.bundle/Info.plist
2024-05-29 05:23:23 +0000  copying file ./main.jsbundle ... 
2024-05-29 05:23:23 +0000  2490204 bytes for ./main.jsbundle
2024-05-29 05:23:23 +0000  copying file ./RCTI18nStrings.bundle/de.lproj/Localizable.strings ... 
2024-05-29 05:23:23 +0000  64 bytes for ./RCTI18nStrings.bundle/de.lproj/Localizable.strings
2024-05-29 05:23:23 +0000  copying file ./RCTI18nStrings.bundle/de.lproj/fbt_language_pack.bin ... 
2024-05-29 05:23:23 +0000  1312 bytes for ./RCTI18nStrings.bundle/de.lproj/fbt_language_pack.bin
2024-05-29 05:23:23 +0000  copying file ./RCTI18nStrings.bundle/he.lproj/Localizable.strings ... 
2024-05-29 05:23:23 +0000  64 bytes for ./RCTI18nStrings.bundle/he.lproj/Localizable.strings
2024-05-29 05:23:23 +0000  copying file ./RCTI18nStrings.bundle/he.lproj/fbt_language_pack.bin ... 
2024-05-29 05:23:23 +0000  1444 bytes for ./RCTI18nStrings.bundle/he.lproj/fbt_language_pack.bin
2024-05-29 05:23:23 +0000  copying file ./RCTI18nStrings.bundle/ar.lproj/Localizable.strings ... 
2024-05-29 05:23:23 +0000  64 bytes for ./RCTI18nStrings.bundle/ar.lproj/Localizable.strings
2024-05-29 05:23:23 +0000  copying file ./RCTI18nStrings.bundle/ar.lproj/fbt_language_pack.bin ... 
2024-05-29 05:23:23 +0000  1500 bytes for ./RCTI18nStrings.bundle/ar.lproj/fbt_language_pack.bin
2024-05-29 05:23:23 +0000  copying file ./RCTI18nStrings.bundle/el.lproj/Localizable.strings ... 
2024-05-29 05:23:23 +0000  64 bytes for ./RCTI18nStrings.bundle/el.lproj/Localizable.strings
2024-05-29 05:23:23 +0000  copying file ./RCTI18nStrings.bundle/el.lproj/fbt_language_pack.bin ... 
2024-05-29 05:23:23 +0000  1600 bytes for ./RCTI18nStrings.bundle/el.lproj/fbt_language_pack.bin
2024-05-29 05:23:23 +0000  copying file ./RCTI18nStrings.bundle/zh-Hans.lproj/Localizable.strings ... 
2024-05-29 05:23:23 +0000  64 bytes for ./RCTI18nStrings.bundle/zh-Hans.lproj/Localizable.strings
2024-05-29 05:23:23 +0000  copying file ./RCTI18nStrings.bundle/zh-Hans.lproj/fbt_language_pack.bin ... 
2024-05-29 05:23:23 +0000  1296 bytes for ./RCTI18nStrings.bundle/zh-Hans.lproj/fbt_language_pack.bin
2024-05-29 05:23:23 +0000  copying file ./RCTI18nStrings.bundle/ja.lproj/Localizable.strings ... 
2024-05-29 05:23:23 +0000  64 bytes for ./RCTI18nStrings.bundle/ja.lproj/Localizable.strings
2024-05-29 05:23:23 +0000  copying file ./RCTI18nStrings.bundle/ja.lproj/fbt_language_pack.bin ... 
2024-05-29 05:23:23 +0000  1436 bytes for ./RCTI18nStrings.bundle/ja.lproj/fbt_language_pack.bin
2024-05-29 05:23:23 +0000  copying file ./RCTI18nStrings.bundle/en.lproj/Localizable.strings ... 
2024-05-29 05:23:23 +0000  64 bytes for ./RCTI18nStrings.bundle/en.lproj/Localizable.strings
2024-05-29 05:23:23 +0000  copying file ./RCTI18nStrings.bundle/zh-Hant-HK.lproj/Localizable.strings ... 
2024-05-29 05:23:23 +0000  64 bytes for ./RCTI18nStrings.bundle/zh-Hant-HK.lproj/Localizable.strings
2024-05-29 05:23:23 +0000  copying file ./RCTI18nStrings.bundle/zh-Hant-HK.lproj/fbt_language_pack.bin ... 
2024-05-29 05:23:23 +0000  1296 bytes for ./RCTI18nStrings.bundle/zh-Hant-HK.lproj/fbt_language_pack.bin
2024-05-29 05:23:23 +0000  copying file ./RCTI18nStrings.bundle/uk.lproj/Localizable.strings ... 
2024-05-29 05:23:23 +0000  64 bytes for ./RCTI18nStrings.bundle/uk.lproj/Localizable.strings
2024-05-29 05:23:23 +0000  copying file ./RCTI18nStrings.bundle/uk.lproj/fbt_language_pack.bin ... 
2024-05-29 05:23:23 +0000  1564 bytes for ./RCTI18nStrings.bundle/uk.lproj/fbt_language_pack.bin
2024-05-29 05:23:23 +0000  copying file ./RCTI18nStrings.bundle/nb.lproj/Localizable.strings ... 
2024-05-29 05:23:23 +0000  64 bytes for ./RCTI18nStrings.bundle/nb.lproj/Localizable.strings
2024-05-29 05:23:23 +0000  copying file ./RCTI18nStrings.bundle/nb.lproj/fbt_language_pack.bin ... 
2024-05-29 05:23:23 +0000  1296 bytes for ./RCTI18nStrings.bundle/nb.lproj/fbt_language_pack.bin
2024-05-29 05:23:23 +0000  copying file ./RCTI18nStrings.bundle/en-GB.lproj/Localizable.strings ... 
2024-05-29 05:23:23 +0000  64 bytes for ./RCTI18nStrings.bundle/en-GB.lproj/Localizable.strings
2024-05-29 05:23:23 +0000  copying file ./RCTI18nStrings.bundle/en-GB.lproj/fbt_language_pack.bin ... 
2024-05-29 05:23:23 +0000  1268 bytes for ./RCTI18nStrings.bundle/en-GB.lproj/fbt_language_pack.bin
2024-05-29 05:23:23 +0000  copying file ./RCTI18nStrings.bundle/es.lproj/Localizable.strings ... 
2024-05-29 05:23:23 +0000  64 bytes for ./RCTI18nStrings.bundle/es.lproj/Localizable.strings
2024-05-29 05:23:23 +0000  copying file ./RCTI18nStrings.bundle/es.lproj/fbt_language_pack.bin ... 
2024-05-29 05:23:23 +0000  1364 bytes for ./RCTI18nStrings.bundle/es.lproj/fbt_language_pack.bin
2024-05-29 05:23:23 +0000  copying file ./RCTI18nStrings.bundle/da.lproj/Localizable.strings ... 
2024-05-29 05:23:23 +0000  64 bytes for ./RCTI18nStrings.bundle/da.lproj/Localizable.strings
2024-05-29 05:23:23 +0000  copying file ./RCTI18nStrings.bundle/da.lproj/fbt_language_pack.bin ... 
2024-05-29 05:23:23 +0000  1300 bytes for ./RCTI18nStrings.bundle/da.lproj/fbt_language_pack.bin
2024-05-29 05:23:23 +0000  copying file ./RCTI18nStrings.bundle/it.lproj/Localizable.strings ... 
2024-05-29 05:23:23 +0000  64 bytes for ./RCTI18nStrings.bundle/it.lproj/Localizable.strings
2024-05-29 05:23:23 +0000  copying file ./RCTI18nStrings.bundle/it.lproj/fbt_language_pack.bin ... 
2024-05-29 05:23:23 +0000  1388 bytes for ./RCTI18nStrings.bundle/it.lproj/fbt_language_pack.bin
2024-05-29 05:23:23 +0000  copying file ./RCTI18nStrings.bundle/sk.lproj/Localizable.strings ... 
2024-05-29 05:23:23 +0000  64 bytes for ./RCTI18nStrings.bundle/sk.lproj/Localizable.strings
2024-05-29 05:23:23 +0000  copying file ./RCTI18nStrings.bundle/sk.lproj/fbt_language_pack.bin ... 
2024-05-29 05:23:23 +0000  1356 bytes for ./RCTI18nStrings.bundle/sk.lproj/fbt_language_pack.bin
2024-05-29 05:23:23 +0000  copying file ./RCTI18nStrings.bundle/es-ES.lproj/Localizable.strings ... 
2024-05-29 05:23:23 +0000  64 bytes for ./RCTI18nStrings.bundle/es-ES.lproj/Localizable.strings
2024-05-29 05:23:23 +0000  copying file ./RCTI18nStrings.bundle/es-ES.lproj/fbt_language_pack.bin ... 
2024-05-29 05:23:23 +0000  1368 bytes for ./RCTI18nStrings.bundle/es-ES.lproj/fbt_language_pack.bin
2024-05-29 05:23:23 +0000  copying file ./RCTI18nStrings.bundle/ms.lproj/Localizable.strings ... 
2024-05-29 05:23:23 +0000  64 bytes for ./RCTI18nStrings.bundle/ms.lproj/Localizable.strings
2024-05-29 05:23:23 +0000  copying file ./RCTI18nStrings.bundle/ms.lproj/fbt_language_pack.bin ... 
2024-05-29 05:23:23 +0000  1292 bytes for ./RCTI18nStrings.bundle/ms.lproj/fbt_language_pack.bin
2024-05-29 05:23:23 +0000  copying file ./RCTI18nStrings.bundle/sv.lproj/Localizable.strings ... 
2024-05-29 05:23:23 +0000  64 bytes for ./RCTI18nStrings.bundle/sv.lproj/Localizable.strings
2024-05-29 05:23:23 +0000  copying file ./RCTI18nStrings.bundle/sv.lproj/fbt_language_pack.bin ... 
2024-05-29 05:23:23 +0000  1300 bytes for ./RCTI18nStrings.bundle/sv.lproj/fbt_language_pack.bin
2024-05-29 05:23:23 +0000  copying file ./RCTI18nStrings.bundle/cs.lproj/Localizable.strings ... 
2024-05-29 05:23:23 +0000  64 bytes for ./RCTI18nStrings.bundle/cs.lproj/Localizable.strings
2024-05-29 05:23:23 +0000  copying file ./RCTI18nStrings.bundle/cs.lproj/fbt_language_pack.bin ... 
2024-05-29 05:23:23 +0000  1368 bytes for ./RCTI18nStrings.bundle/cs.lproj/fbt_language_pack.bin
2024-05-29 05:23:23 +0000  copying file ./RCTI18nStrings.bundle/ko.lproj/Localizable.strings ... 
2024-05-29 05:23:23 +0000  64 bytes for ./RCTI18nStrings.bundle/ko.lproj/Localizable.strings
2024-05-29 05:23:23 +0000  copying file ./RCTI18nStrings.bundle/ko.lproj/fbt_language_pack.bin ... 
2024-05-29 05:23:23 +0000  1332 bytes for ./RCTI18nStrings.bundle/ko.lproj/fbt_language_pack.bin
2024-05-29 05:23:23 +0000  copying file ./RCTI18nStrings.bundle/zh-Hant.lproj/Localizable.strings ... 
2024-05-29 05:23:23 +0000  64 bytes for ./RCTI18nStrings.bundle/zh-Hant.lproj/Localizable.strings
2024-05-29 05:23:23 +0000  copying file ./RCTI18nStrings.bundle/zh-Hant.lproj/fbt_language_pack.bin ... 
2024-05-29 05:23:23 +0000  1308 bytes for ./RCTI18nStrings.bundle/zh-Hant.lproj/fbt_language_pack.bin
2024-05-29 05:23:23 +0000  copying file ./RCTI18nStrings.bundle/hu.lproj/Localizable.strings ... 
2024-05-29 05:23:23 +0000  64 bytes for ./RCTI18nStrings.bundle/hu.lproj/Localizable.strings
2024-05-29 05:23:23 +0000  copying file ./RCTI18nStrings.bundle/hu.lproj/fbt_language_pack.bin ... 
2024-05-29 05:23:23 +0000  1348 bytes for ./RCTI18nStrings.bundle/hu.lproj/fbt_language_pack.bin
2024-05-29 05:23:23 +0000  copying file ./RCTI18nStrings.bundle/tr.lproj/Localizable.strings ... 
2024-05-29 05:23:23 +0000  64 bytes for ./RCTI18nStrings.bundle/tr.lproj/Localizable.strings
2024-05-29 05:23:23 +0000  copying file ./RCTI18nStrings.bundle/tr.lproj/fbt_language_pack.bin ... 
2024-05-29 05:23:23 +0000  1360 bytes for ./RCTI18nStrings.bundle/tr.lproj/fbt_language_pack.bin
2024-05-29 05:23:23 +0000  copying file ./RCTI18nStrings.bundle/pl.lproj/Localizable.strings ... 
2024-05-29 05:23:23 +0000  64 bytes for ./RCTI18nStrings.bundle/pl.lproj/Localizable.strings
2024-05-29 05:23:23 +0000  copying file ./RCTI18nStrings.bundle/pl.lproj/fbt_language_pack.bin ... 
2024-05-29 05:23:23 +0000  1340 bytes for ./RCTI18nStrings.bundle/pl.lproj/fbt_language_pack.bin
2024-05-29 05:23:23 +0000  copying file ./RCTI18nStrings.bundle/vi.lproj/Localizable.strings ... 
2024-05-29 05:23:23 +0000  64 bytes for ./RCTI18nStrings.bundle/vi.lproj/Localizable.strings
2024-05-29 05:23:23 +0000  copying file ./RCTI18nStrings.bundle/vi.lproj/fbt_language_pack.bin ... 
2024-05-29 05:23:23 +0000  1352 bytes for ./RCTI18nStrings.bundle/vi.lproj/fbt_language_pack.bin
2024-05-29 05:23:23 +0000  copying file ./RCTI18nStrings.bundle/ru.lproj/Localizable.strings ... 
2024-05-29 05:23:23 +0000  64 bytes for ./RCTI18nStrings.bundle/ru.lproj/Localizable.strings
2024-05-29 05:23:23 +0000  copying file ./RCTI18nStrings.bundle/ru.lproj/fbt_language_pack.bin ... 
2024-05-29 05:23:23 +0000  1576 bytes for ./RCTI18nStrings.bundle/ru.lproj/fbt_language_pack.bin
2024-05-29 05:23:23 +0000  copying file ./RCTI18nStrings.bundle/fr.lproj/Localizable.strings ... 
2024-05-29 05:23:23 +0000  64 bytes for ./RCTI18nStrings.bundle/fr.lproj/Localizable.strings
2024-05-29 05:23:23 +0000  copying file ./RCTI18nStrings.bundle/fr.lproj/fbt_language_pack.bin ... 
2024-05-29 05:23:23 +0000  1360 bytes for ./RCTI18nStrings.bundle/fr.lproj/fbt_language_pack.bin
2024-05-29 05:23:23 +0000  copying file ./RCTI18nStrings.bundle/fi.lproj/Localizable.strings ... 
2024-05-29 05:23:23 +0000  64 bytes for ./RCTI18nStrings.bundle/fi.lproj/Localizable.strings
2024-05-29 05:23:23 +0000  copying file ./RCTI18nStrings.bundle/fi.lproj/fbt_language_pack.bin ... 
2024-05-29 05:23:23 +0000  1340 bytes for ./RCTI18nStrings.bundle/fi.lproj/fbt_language_pack.bin
2024-05-29 05:23:23 +0000  copying file ./RCTI18nStrings.bundle/id.lproj/Localizable.strings ... 
2024-05-29 05:23:23 +0000  64 bytes for ./RCTI18nStrings.bundle/id.lproj/Localizable.strings
2024-05-29 05:23:23 +0000  copying file ./RCTI18nStrings.bundle/id.lproj/fbt_language_pack.bin ... 
2024-05-29 05:23:23 +0000  1300 bytes for ./RCTI18nStrings.bundle/id.lproj/fbt_language_pack.bin
2024-05-29 05:23:23 +0000  copying file ./RCTI18nStrings.bundle/nl.lproj/Localizable.strings ... 
2024-05-29 05:23:23 +0000  64 bytes for ./RCTI18nStrings.bundle/nl.lproj/Localizable.strings
2024-05-29 05:23:23 +0000  copying file ./RCTI18nStrings.bundle/nl.lproj/fbt_language_pack.bin ... 
2024-05-29 05:23:23 +0000  1324 bytes for ./RCTI18nStrings.bundle/nl.lproj/fbt_language_pack.bin
2024-05-29 05:23:23 +0000  copying file ./RCTI18nStrings.bundle/th.lproj/Localizable.strings ... 
2024-05-29 05:23:23 +0000  64 bytes for ./RCTI18nStrings.bundle/th.lproj/Localizable.strings
2024-05-29 05:23:23 +0000  copying file ./RCTI18nStrings.bundle/th.lproj/fbt_language_pack.bin ... 
2024-05-29 05:23:23 +0000  1784 bytes for ./RCTI18nStrings.bundle/th.lproj/fbt_language_pack.bin
2024-05-29 05:23:23 +0000  copying file ./RCTI18nStrings.bundle/pt.lproj/Localizable.strings ... 
2024-05-29 05:23:23 +0000  64 bytes for ./RCTI18nStrings.bundle/pt.lproj/Localizable.strings
2024-05-29 05:23:23 +0000  copying file ./RCTI18nStrings.bundle/pt.lproj/fbt_language_pack.bin ... 
2024-05-29 05:23:23 +0000  1356 bytes for ./RCTI18nStrings.bundle/pt.lproj/fbt_language_pack.bin
2024-05-29 05:23:23 +0000  copying file ./RCTI18nStrings.bundle/zu.lproj/Localizable.strings ... 
2024-05-29 05:23:23 +0000  64 bytes for ./RCTI18nStrings.bundle/zu.lproj/Localizable.strings
2024-05-29 05:23:23 +0000  copying file ./RCTI18nStrings.bundle/zu.lproj/fbt_language_pack.bin ... 
2024-05-29 05:23:23 +0000  2076 bytes for ./RCTI18nStrings.bundle/zu.lproj/fbt_language_pack.bin
2024-05-29 05:23:23 +0000  copying file ./RCTI18nStrings.bundle/pt-PT.lproj/Localizable.strings ... 
2024-05-29 05:23:23 +0000  64 bytes for ./RCTI18nStrings.bundle/pt-PT.lproj/Localizable.strings
2024-05-29 05:23:23 +0000  copying file ./RCTI18nStrings.bundle/pt-PT.lproj/fbt_language_pack.bin ... 
2024-05-29 05:23:23 +0000  1372 bytes for ./RCTI18nStrings.bundle/pt-PT.lproj/fbt_language_pack.bin
2024-05-29 05:23:23 +0000  copying file ./RCTI18nStrings.bundle/ro.lproj/Localizable.strings ... 
2024-05-29 05:23:23 +0000  64 bytes for ./RCTI18nStrings.bundle/ro.lproj/Localizable.strings
2024-05-29 05:23:23 +0000  copying file ./RCTI18nStrings.bundle/ro.lproj/fbt_language_pack.bin ... 
2024-05-29 05:23:23 +0000  1344 bytes for ./RCTI18nStrings.bundle/ro.lproj/fbt_language_pack.bin
2024-05-29 05:23:23 +0000  copying file ./RCTI18nStrings.bundle/Info.plist ... 
2024-05-29 05:23:23 +0000  774 bytes for ./RCTI18nStrings.bundle/Info.plist
2024-05-29 05:23:23 +0000  copying file ./RCTI18nStrings.bundle/hr.lproj/Localizable.strings ... 
2024-05-29 05:23:23 +0000  64 bytes for ./RCTI18nStrings.bundle/hr.lproj/Localizable.strings
2024-05-29 05:23:23 +0000  copying file ./RCTI18nStrings.bundle/hr.lproj/fbt_language_pack.bin ... 
2024-05-29 05:23:23 +0000  1352 bytes for ./RCTI18nStrings.bundle/hr.lproj/fbt_language_pack.bin
2024-05-29 05:23:23 +0000  copying file ./RCTI18nStrings.bundle/hi.lproj/Localizable.strings ... 
2024-05-29 05:23:23 +0000  64 bytes for ./RCTI18nStrings.bundle/hi.lproj/Localizable.strings
2024-05-29 05:23:23 +0000  copying file ./RCTI18nStrings.bundle/hi.lproj/fbt_language_pack.bin ... 
2024-05-29 05:23:23 +0000  1640 bytes for ./RCTI18nStrings.bundle/hi.lproj/fbt_language_pack.bin
2024-05-29 05:23:23 +0000  copying file ./PrivacyInfo.xcprivacy ... 
2024-05-29 05:23:23 +0000  1042 bytes for ./PrivacyInfo.xcprivacy
2024-05-29 05:23:23 +0000  copying file ./LaunchScreen.storyboardc/01J-lp-oVM-view-Ze5-6b-2t3.nib ... 
2024-05-29 05:23:23 +0000  3813 bytes for ./LaunchScreen.storyboardc/01J-lp-oVM-view-Ze5-6b-2t3.nib
2024-05-29 05:23:23 +0000  copying file ./LaunchScreen.storyboardc/UIViewController-01J-lp-oVM.nib ... 
2024-05-29 05:23:23 +0000  924 bytes for ./LaunchScreen.storyboardc/UIViewController-01J-lp-oVM.nib
2024-05-29 05:23:23 +0000  copying file ./LaunchScreen.storyboardc/Info.plist ... 
2024-05-29 05:23:23 +0000  258 bytes for ./LaunchScreen.storyboardc/Info.plist
2024-05-29 05:23:23 +0000  copying file ./SFProDisplay-Bold.ttf ... 
2024-05-29 05:23:23 +0000  435904 bytes for ./SFProDisplay-Bold.ttf
2024-05-29 05:23:23 +0000  copying file ./embedded.mobileprovision ... 
2024-05-29 05:23:23 +0000  15074 bytes for ./embedded.mobileprovision
2024-05-29 05:23:23 +0000  copying file ./assets/node_modules/rn-country-picker/res/ic_back_black.png ... 
2024-05-29 05:23:23 +0000  420 bytes for ./assets/node_modules/rn-country-picker/res/ic_back_black.png
2024-05-29 05:23:23 +0000  copying file ./assets/node_modules/rn-country-picker/res/ic_search.png ... 
2024-05-29 05:23:23 +0000  781 bytes for ./assets/node_modules/rn-country-picker/res/ic_search.png
2024-05-29 05:23:23 +0000  copying file ./assets/node_modules/rn-country-picker/res/ic_drop_down.png ... 
2024-05-29 05:23:23 +0000  439 bytes for ./assets/node_modules/rn-country-picker/res/ic_drop_down.png
2024-05-29 05:23:23 +0000  copying file ./assets/node_modules/@react-navigation/elements/src/assets/back-icon@3x.png ... 
2024-05-29 05:23:23 +0000  761 bytes for ./assets/node_modules/@react-navigation/elements/src/assets/back-icon@3x.png
2024-05-29 05:23:23 +0000  copying file ./assets/node_modules/@react-navigation/elements/src/assets/back-icon@2x.png ... 
2024-05-29 05:23:23 +0000  405 bytes for ./assets/node_modules/@react-navigation/elements/src/assets/back-icon@2x.png
2024-05-29 05:23:23 +0000  copying file ./assets/node_modules/@react-navigation/elements/src/assets/back-icon.png ... 
2024-05-29 05:23:23 +0000  290 bytes for ./assets/node_modules/@react-navigation/elements/src/assets/back-icon.png
2024-05-29 05:23:23 +0000  copying file ./assets/node_modules/@react-navigation/elements/src/assets/back-icon-mask.png ... 
2024-05-29 05:23:23 +0000  913 bytes for ./assets/node_modules/@react-navigation/elements/src/assets/back-icon-mask.png
2024-05-29 05:23:23 +0000  copying file ./assets/Src/Assets/Image/world.png ... 
2024-05-29 05:23:23 +0000  3444 bytes for ./assets/Src/Assets/Image/world.png
2024-05-29 05:23:23 +0000  copying file ./assets/Src/Assets/Image/bottomtme.png ... 
2024-05-29 05:23:23 +0000  1509 bytes for ./assets/Src/Assets/Image/bottomtme.png
2024-05-29 05:23:23 +0000  copying file ./assets/Src/Assets/Image/bellicon.png ... 
2024-05-29 05:23:23 +0000  5542 bytes for ./assets/Src/Assets/Image/bellicon.png
2024-05-29 05:23:23 +0000  copying file ./assets/Src/Assets/Image/check.png ... 
2024-05-29 05:23:23 +0000  6692 bytes for ./assets/Src/Assets/Image/check.png
2024-05-29 05:23:23 +0000  copying file ./assets/Src/Assets/Image/+.png ... 
2024-05-29 05:23:23 +0000  305 bytes for ./assets/Src/Assets/Image/+.png
2024-05-29 05:23:23 +0000  copying file ./assets/Src/Assets/Image/policy.png ... 
2024-05-29 05:23:23 +0000  12019 bytes for ./assets/Src/Assets/Image/policy.png
2024-05-29 05:23:23 +0000  copying file ./assets/Src/Assets/Image/terms.png ... 
2024-05-29 05:23:23 +0000  11332 bytes for ./assets/Src/Assets/Image/terms.png
2024-05-29 05:23:23 +0000  copying file ./assets/Src/Assets/Image/instagram.png ... 
2024-05-29 05:23:23 +0000  9147 bytes for ./assets/Src/Assets/Image/instagram.png
2024-05-29 05:23:23 +0000  copying file ./assets/Src/Assets/Image/userimg.png ... 
2024-05-29 05:23:23 +0000  49526 bytes for ./assets/Src/Assets/Image/userimg.png
2024-05-29 05:23:23 +0000  copying file ./assets/Src/Assets/Image/down.png ... 
2024-05-29 05:23:23 +0000  889 bytes for ./assets/Src/Assets/Image/down.png
2024-05-29 05:23:23 +0000  copying file ./assets/Src/Assets/Image/logout.png ... 
2024-05-29 05:23:23 +0000  1669 bytes for ./assets/Src/Assets/Image/logout.png
2024-05-29 05:23:23 +0000  copying file ./assets/Src/Assets/Image/dott.png ... 
2024-05-29 05:23:23 +0000  6746 bytes for ./assets/Src/Assets/Image/dott.png
2024-05-29 05:23:23 +0000  copying file ./assets/Src/Assets/Image/user.png ... 
2024-05-29 05:23:23 +0000  2644 bytes for ./assets/Src/Assets/Image/user.png
2024-05-29 05:23:23 +0000  copying file ./assets/Src/Assets/Image/reply.png ... 
2024-05-29 05:23:23 +0000  7140 bytes for ./assets/Src/Assets/Image/reply.png
2024-05-29 05:23:23 +0000  copying file ./assets/Src/Assets/Image/bottomchat.png ... 
2024-05-29 05:23:23 +0000  2080 bytes for ./assets/Src/Assets/Image/bottomchat.png
2024-05-29 05:23:23 +0000  copying file ./assets/Src/Assets/Image/eraser.png ... 
2024-05-29 05:23:23 +0000  1489 bytes for ./assets/Src/Assets/Image/eraser.png
2024-05-29 05:23:23 +0000  copying file ./assets/Src/Assets/Image/search.png ... 
2024-05-29 05:23:23 +0000  1118 bytes for ./assets/Src/Assets/Image/search.png
2024-05-29 05:23:23 +0000  copying file ./assets/Src/Assets/Image/bottomfeed.png ... 
2024-05-29 05:23:23 +0000  882 bytes for ./assets/Src/Assets/Image/bottomfeed.png
2024-05-29 05:23:23 +0000  copying file ./assets/Src/Assets/Image/block.png ... 
2024-05-29 05:23:23 +0000  21566 bytes for ./assets/Src/Assets/Image/block.png
2024-05-29 05:23:23 +0000  copying file ./assets/Src/Assets/Image/help.png ... 
2024-05-29 05:23:23 +0000  3077 bytes for ./assets/Src/Assets/Image/help.png
2024-05-29 05:23:23 +0000  copying file ./assets/Src/Assets/Image/bottomicon.png ... 
2024-05-29 05:23:23 +0000  5935 bytes for ./assets/Src/Assets/Image/bottomicon.png
2024-05-29 05:23:23 +0000  copying file ./assets/Src/Assets/Image/twitter.png ... 
2024-05-29 05:23:23 +0000  3129 bytes for ./assets/Src/Assets/Image/twitter.png
2024-05-29 05:23:23 +0000  copying file ./assets/Src/Assets/Image/linkedin.png ... 
2024-05-29 05:23:23 +0000  2864 bytes for ./assets/Src/Assets/Image/linkedin.png
2024-05-29 05:23:23 +0000  copying file ./assets/Src/Assets/Image/bin.png ... 
2024-05-29 05:23:23 +0000  1075 bytes for ./assets/Src/Assets/Image/bin.png
2024-05-29 05:23:23 +0000  copying file ./assets/Src/Assets/Image/invite2.png ... 
2024-05-29 05:23:23 +0000  1118 bytes for ./assets/Src/Assets/Image/invite2.png
2024-05-29 05:23:23 +0000  copying file ./assets/Src/Assets/Image/chatnext.png ... 
2024-05-29 05:23:23 +0000  892 bytes for ./assets/Src/Assets/Image/chatnext.png
2024-05-29 05:23:23 +0000  copying file ./assets/Src/Assets/Image/youtube.png ... 
2024-05-29 05:23:23 +0000  1993 bytes for ./assets/Src/Assets/Image/youtube.png
2024-05-29 05:23:23 +0000  copying file ./assets/Src/Assets/Image/edit.png ... 
2024-05-29 05:23:23 +0000  3190 bytes for ./assets/Src/Assets/Image/edit.png
2024-05-29 05:23:23 +0000  copying file ./assets/Src/Assets/Image/telephone.png ... 
2024-05-29 05:23:23 +0000  15205 bytes for ./assets/Src/Assets/Image/telephone.png
2024-05-29 05:23:23 +0000  copying file ./assets/Src/Assets/Image/notice.png ... 
2024-05-29 05:23:23 +0000  24656 bytes for ./assets/Src/Assets/Image/notice.png
2024-05-29 05:23:23 +0000  copying file ./assets/Src/Assets/Image/mute.png ... 
2024-05-29 05:23:23 +0000  1606 bytes for ./assets/Src/Assets/Image/mute.png
2024-05-29 05:23:23 +0000  copying file ./assets/Src/Assets/Image/security.png ... 
2024-05-29 05:23:23 +0000  2726 bytes for ./assets/Src/Assets/Image/security.png
2024-05-29 05:23:23 +0000  copying file ./assets/Src/Assets/Image/admin.jpg ... 
2024-05-29 05:23:23 +0000  4944 bytes for ./assets/Src/Assets/Image/admin.jpg
2024-05-29 05:23:23 +0000  copying file ./assets/Src/Assets/Image/voice.png ... 
2024-05-29 05:23:23 +0000  959 bytes for ./assets/Src/Assets/Image/voice.png
2024-05-29 05:23:23 +0000  copying file ./assets/Src/Assets/Image/facebook.png ... 
2024-05-29 05:23:23 +0000  2614 bytes for ./assets/Src/Assets/Image/facebook.png
2024-05-29 05:23:23 +0000  copying file ./assets/Src/Assets/Image/camera.png ... 
2024-05-29 05:23:23 +0000  3086 bytes for ./assets/Src/Assets/Image/camera.png
2024-05-29 05:23:23 +0000  copying file ./assets/Src/Assets/Image/send.png ... 
2024-05-29 05:23:23 +0000  1107 bytes for ./assets/Src/Assets/Image/send.png
2024-05-29 05:23:23 +0000  copying file ./assets/Src/Assets/Image/box.png ... 
2024-05-29 05:23:23 +0000  5360 bytes for ./assets/Src/Assets/Image/box.png
2024-05-29 05:23:23 +0000  copying file ./assets/Src/Assets/Image/allin_logo.png ... 
2024-05-29 05:23:23 +0000  17377 bytes for ./assets/Src/Assets/Image/allin_logo.png
2024-05-29 05:23:23 +0000  copying file ./assets/Src/Assets/Image/back.png ... 
2024-05-29 05:23:23 +0000  356 bytes for ./assets/Src/Assets/Image/back.png
2024-05-29 05:23:23 +0000  copying file ./assets/Src/Assets/Image/image.png ... 
2024-05-29 05:23:23 +0000  1649 bytes for ./assets/Src/Assets/Image/image.png
2024-05-29 05:23:23 +0000  copying file ./assets/Src/Assets/Image/bottomboard.png ... 
2024-05-29 05:23:23 +0000  1259 bytes for ./assets/Src/Assets/Image/bottomboard.png
2024-05-29 05:23:23 +0000  copying file ./SFProDisplay-Semibold.ttf ... 
2024-05-29 05:23:23 +0000  435008 bytes for ./SFProDisplay-Semibold.ttf
2024-05-29 05:23:23 +0000  copying file ./SFProDisplay-Heavy.ttf ... 
2024-05-29 05:23:23 +0000  438128 bytes for ./SFProDisplay-Heavy.ttf
2024-05-29 05:23:23 +0000  copying file ./Info.plist ... 
2024-05-29 05:23:23 +0000  3442 bytes for ./Info.plist
2024-05-29 05:23:23 +0000  copying file ./RNCAsyncStorage_resources.bundle/PrivacyInfo.xcprivacy ... 
2024-05-29 05:23:23 +0000  512 bytes for ./RNCAsyncStorage_resources.bundle/PrivacyInfo.xcprivacy
2024-05-29 05:23:23 +0000  copying file ./RNCAsyncStorage_resources.bundle/Info.plist ... 
2024-05-29 05:23:23 +0000  797 bytes for ./RNCAsyncStorage_resources.bundle/Info.plist
2024-05-29 05:23:23 +0000  copying file ./PkgInfo ... 
2024-05-29 05:23:23 +0000  8 bytes for ./PkgInfo
2024-05-29 05:23:23 +0000  copying file ./SFProDisplay-Thin.ttf ... 
2024-05-29 05:23:23 +0000  434600 bytes for ./SFProDisplay-Thin.ttf
2024-05-29 05:23:23 +0000  /usr/bin/ditto exited with 0
2024-05-29 05:23:23 +0000  Processing step: IDEDistributionEmbedProfileStep
2024-05-29 05:23:23 +0000  Processing step: IDEDistributionInfoPlistStep
2024-05-29 05:23:23 +0000  Skipping step: IDEDistributionInfoPlistStep because it said so
2024-05-29 05:23:23 +0000  Processing step: IDEDistributionAppThinningPlistStep
2024-05-29 05:23:23 +0000  Skipping step: IDEDistributionAppThinningPlistStep because it said so
2024-05-29 05:23:23 +0000  Processing step: IDEDistributionCompileBitcodeStep
2024-05-29 05:23:23 +0000  Skipping step: IDEDistributionCompileBitcodeStep because it said so
2024-05-29 05:23:23 +0000  Processing step: IDEDistributionCodeSlimmingStep
2024-05-29 05:23:23 +0000  Processing step: IDEDistributionCopyBCSymbolMapsStep
2024-05-29 05:23:23 +0000  Skipping step: IDEDistributionCopyBCSymbolMapsStep because it said so
2024-05-29 05:23:23 +0000  Processing step: IDEDistributionSymbolsStep
2024-05-29 05:23:23 +0000  Skipping step: IDEDistributionSymbolsStep because it said so
2024-05-29 05:23:23 +0000  Processing step: IDEDistributionAppThinningStep
2024-05-29 05:23:23 +0000  Skipping step: IDEDistributionAppThinningStep because it said so
2024-05-29 05:23:23 +0000  Processing step: IDEDistributionArchThinningStep
2024-05-29 05:23:23 +0000  Item /Users/tecsense/Library/Developer/Xcode/Archives/2024-05-29/AllIn 29-05-24, 10.52 AM.xcarchive/Products/Applications/AllIn.app doesn't have the entitlement com.apple.developer.web-browser-engine.host enabled, returning ["arm64e"]
2024-05-29 05:23:23 +0000  Archs to thin for item /Users/tecsense/Library/Developer/Xcode/Archives/2024-05-29/AllIn 29-05-24, 10.52 AM.xcarchive/Products/Applications/AllIn.app are ["arm64e"]
2024-05-29 05:23:23 +0000  Running /Applications/Xcode.app/Contents/Developer/Toolchains/XcodeDefault.xctoolchain/usr/bin/lipo '/var/folders/kt/88rnxc0x0jx5gltvnrtvyy4h0000gn/T/XcodeDistPipeline.~~~8cn4Cc/Root/Payload/AllIn.app/AllIn' '-verify_arch' 'arm64e'
2024-05-29 05:23:23 +0000  /Applications/Xcode.app/Contents/Developer/Toolchains/XcodeDefault.xctoolchain/usr/bin/lipo exited with 1
2024-05-29 05:23:23 +0000  Skipping architecture thinning for item "AllIn" because arch "arm64e" wasn't found
2024-05-29 05:23:23 +0000  Processing step: IDEDistributionODRStep
2024-05-29 05:23:23 +0000  Processing step: IDEDistributionStripXattrsStep
2024-05-29 05:23:23 +0000  Skipping stripping extended attributes because the codesign step will strip them.
2024-05-29 05:23:23 +0000  Processing step: IDEDistributionCodesignStep
2024-05-29 05:23:23 +0000  Entitlements for <IDEDistributionItem: 0x60001f94f060; bundleID='com.allinappwithapi.ios--explicit-', path='<DVTFilePath:0x600017173e00:'/Users/tecsense/Library/Developer/Xcode/Archives/2024-05-29/AllIn 29-05-24, 10.52 AM.xcarchive/Products/Applications/AllIn.app'>', codeSigningInfo='<_DVTCodeSigningInformation_Path: 0x600023d88410; isSigned='1', isAdHocSigned='0', signingCertificate='<DVTSigningCertificate: 0x60000a803cc0; name='Apple Development: Emile Burqan (Q4WZ2N3FJ2)', hash='252CAC0E23543B9F9FF3B6588D9859C09A6995A5', serialNumber='53E868C4B3CEEB666CACF6ABE37AA0B8', certificateKinds='(
    "1.2.840.113635.100.6.1.12",
    "1.2.840.113635.100.6.1.2"
), issueDate='2024-01-10 05:32:45 +0000''>', entitlements='{
    "application-identifier" = "JD7C46S439.com.allinappwithapi.ios--explicit-";
    "aps-environment" = development;
    "com.apple.developer.team-identifier" = JD7C46S439;
    "get-task-allow" = 1;
}', teamID='JD7C46S439', identifier='com.allinappwithapi.ios--explicit-', executablePath='<DVTFilePath:0x60001367bd40:'/Users/tecsense/Library/Developer/Xcode/Archives/2024-05-29/AllIn 29-05-24, 10.52 AM.xcarchive/Products/Applications/AllIn.app/AllIn'>', hardenedRuntime='0'>'>: {
    "application-identifier" = "JD7C46S439.com.allinappwithapi.ios--explicit-";
    "aps-environment" = production;
    "com.apple.developer.team-identifier" = JD7C46S439;
    "get-task-allow" = 0;
}
2024-05-29 05:23:23 +0000  Associated App Clip Identifiers Filter: Skipping because "com.apple.developer.associated-appclip-app-identifiers" is not present
2024-05-29 05:23:23 +0000  Entitlements for <IDEDistributionItem: 0x60001f94f060; bundleID='com.allinappwithapi.ios--explicit-', path='<DVTFilePath:0x600017173e00:'/Users/tecsense/Library/Developer/Xcode/Archives/2024-05-29/AllIn 29-05-24, 10.52 AM.xcarchive/Products/Applications/AllIn.app'>', codeSigningInfo='<_DVTCodeSigningInformation_Path: 0x600023d88410; isSigned='1', isAdHocSigned='0', signingCertificate='<DVTSigningCertificate: 0x60000a802700; name='Apple Development: Emile Burqan (Q4WZ2N3FJ2)', hash='252CAC0E23543B9F9FF3B6588D9859C09A6995A5', serialNumber='53E868C4B3CEEB666CACF6ABE37AA0B8', certificateKinds='(
    "1.2.840.113635.100.6.1.12",
    "1.2.840.113635.100.6.1.2"
), issueDate='2024-01-10 05:32:45 +0000''>', entitlements='{
    "application-identifier" = "JD7C46S439.com.allinappwithapi.ios--explicit-";
    "aps-environment" = development;
    "com.apple.developer.team-identifier" = JD7C46S439;
    "get-task-allow" = 1;
}', teamID='JD7C46S439', identifier='com.allinappwithapi.ios--explicit-', executablePath='<DVTFilePath:0x60001367bd40:'/Users/tecsense/Library/Developer/Xcode/Archives/2024-05-29/AllIn 29-05-24, 10.52 AM.xcarchive/Products/Applications/AllIn.app/AllIn'>', hardenedRuntime='0'>'> are: {
    "application-identifier" = "JD7C46S439.com.allinappwithapi.ios--explicit-";
    "aps-environment" = production;
    "com.apple.developer.team-identifier" = JD7C46S439;
    "get-task-allow" = 0;
}
2024-05-29 05:23:23 +0000  Writing entitlements for <IDEDistributionItem: 0x60001f94f060; bundleID='com.allinappwithapi.ios--explicit-', path='<DVTFilePath:0x600017173e00:'/Users/tecsense/Library/Developer/Xcode/Archives/2024-05-29/AllIn 29-05-24, 10.52 AM.xcarchive/Products/Applications/AllIn.app'>', codeSigningInfo='<_DVTCodeSigningInformation_Path: 0x600023d88410; isSigned='1', isAdHocSigned='0', signingCertificate='<DVTSigningCertificate: 0x60000a8024c0; name='Apple Development: Emile Burqan (Q4WZ2N3FJ2)', hash='252CAC0E23543B9F9FF3B6588D9859C09A6995A5', serialNumber='53E868C4B3CEEB666CACF6ABE37AA0B8', certificateKinds='(
    "1.2.840.113635.100.6.1.12",
    "1.2.840.113635.100.6.1.2"
), issueDate='2024-01-10 05:32:45 +0000''>', entitlements='{
    "application-identifier" = "JD7C46S439.com.allinappwithapi.ios--explicit-";
    "aps-environment" = development;
    "com.apple.developer.team-identifier" = JD7C46S439;
    "get-task-allow" = 1;
}', teamID='JD7C46S439', identifier='com.allinappwithapi.ios--explicit-', executablePath='<DVTFilePath:0x60001367bd40:'/Users/tecsense/Library/Developer/Xcode/Archives/2024-05-29/AllIn 29-05-24, 10.52 AM.xcarchive/Products/Applications/AllIn.app/AllIn'>', hardenedRuntime='0'>'> to: /var/folders/kt/88rnxc0x0jx5gltvnrtvyy4h0000gn/T/XcodeDistPipeline.~~~8cn4Cc/entitlements~~~d38w8k
2024-05-29 05:23:23 +0000  Running /usr/bin/codesign '-vvv' '--force' '--sign' 'B9E8E0738F6F783A5F368C6C29D0D4861FC18B91' '--entitlements' '/var/folders/kt/88rnxc0x0jx5gltvnrtvyy4h0000gn/T/XcodeDistPipeline.~~~8cn4Cc/entitlements~~~d38w8k' '--generate-entitlement-der' '--strip-disallowed-xattrs' '--preserve-metadata=identifier,flags,runtime' '/var/folders/kt/88rnxc0x0jx5gltvnrtvyy4h0000gn/T/XcodeDistPipeline.~~~8cn4Cc/Root/Payload/AllIn.app'
2024-05-29 05:23:23 +0000  /var/folders/kt/88rnxc0x0jx5gltvnrtvyy4h0000gn/T/XcodeDistPipeline.~~~8cn4Cc/Root/Payload/AllIn.app: replacing existing signature
2024-05-29 05:23:28 +0000  /var/folders/kt/88rnxc0x0jx5gltvnrtvyy4h0000gn/T/XcodeDistPipeline.~~~8cn4Cc/Root/Payload/AllIn.app: signed app bundle with Mach-O thin (arm64) [com.allinappwithapi.ios--explicit-]
2024-05-29 05:23:28 +0000  /usr/bin/codesign exited with 0
2024-05-29 05:23:28 +0000  Processing step: IDEDistributionZipODRItemStep
2024-05-29 05:23:28 +0000  Skipping step: IDEDistributionZipODRItemStep because it said so
2024-05-29 05:23:28 +0000  Processing step: IDEDistributionCreateIPAStep
2024-05-29 05:23:28 +0000  Running /usr/bin/ditto '-V' '-c' '-k' '--norsrc' '/var/folders/kt/88rnxc0x0jx5gltvnrtvyy4h0000gn/T/XcodeDistPipeline.~~~8cn4Cc/Root' '/var/folders/kt/88rnxc0x0jx5gltvnrtvyy4h0000gn/T/XcodeDistPipeline.~~~8cn4Cc/Packages/AllIn.ipa'
2024-05-29 05:23:28 +0000  >>> Copying /var/folders/kt/88rnxc0x0jx5gltvnrtvyy4h0000gn/T/XcodeDistPipeline.~~~8cn4Cc/Root 
2024-05-29 05:23:28 +0000  copying file ./Payload/AllIn.app/_CodeSignature/CodeResources ... 
2024-05-29 05:23:28 +0000  54160 bytes for ./Payload/AllIn.app/_CodeSignature/CodeResources
2024-05-29 05:23:28 +0000  copying file ./Payload/AllIn.app/FirebaseCore_Privacy.bundle/PrivacyInfo.xcprivacy ... 
2024-05-29 05:23:28 +0000  855 bytes for ./Payload/AllIn.app/FirebaseCore_Privacy.bundle/PrivacyInfo.xcprivacy
2024-05-29 05:23:28 +0000  copying file ./Payload/AllIn.app/FirebaseCore_Privacy.bundle/Info.plist ... 
2024-05-29 05:23:28 +0000  789 bytes for ./Payload/AllIn.app/FirebaseCore_Privacy.bundle/Info.plist
2024-05-29 05:23:28 +0000  copying file ./Payload/AllIn.app/SFProDisplay-Ultralight.ttf ... 
2024-05-29 05:23:28 +0000  434912 bytes for ./Payload/AllIn.app/SFProDisplay-Ultralight.ttf
2024-05-29 05:23:28 +0000  copying file ./Payload/AllIn.app/AllIn ... 
2024-05-29 05:23:28 +0000  6027632 bytes for ./Payload/AllIn.app/AllIn
2024-05-29 05:23:28 +0000  copying file ./Payload/AllIn.app/FBLPromises_Privacy.bundle/PrivacyInfo.xcprivacy ... 
373 bytes for ./Payload/AllIn.app/FBLPromises_Privacy.bundle/PrivacyInfo.xcprivacy
copying file ./Payload/AllIn.app/FBLPromises_Privacy.bundle/Info.plist ... 
784 bytes for ./Payload/AllIn.app/FBLPromises_Privacy.bundle/Info.plist
copying file ./Payload/AllIn.app/FirebaseCoreInternal_Privacy.bundle/PrivacyInfo.xcprivacy ... 
2024-05-29 05:23:28 +0000  855 bytes for ./Payload/AllIn.app/FirebaseCoreInternal_Privacy.bundle/PrivacyInfo.xcprivacy
copying file ./Payload/AllIn.app/FirebaseCoreInternal_Privacy.bundle/Info.plist ... 
2024-05-29 05:23:28 +0000  805 bytes for ./Payload/AllIn.app/FirebaseCoreInternal_Privacy.bundle/Info.plist
2024-05-29 05:23:28 +0000  copying file ./Payload/AllIn.app/GoogleDataTransport_Privacy.bundle/PrivacyInfo.xcprivacy ... 
1105 bytes for ./Payload/AllIn.app/GoogleDataTransport_Privacy.bundle/PrivacyInfo.xcprivacy
copying file ./Payload/AllIn.app/GoogleDataTransport_Privacy.bundle/Info.plist ... 
800 bytes for ./Payload/AllIn.app/GoogleDataTransport_Privacy.bundle/Info.plist
2024-05-29 05:23:28 +0000  copying file ./Payload/AllIn.app/SFProDisplay-Medium.ttf ... 
2024-05-29 05:23:28 +0000  433584 bytes for ./Payload/AllIn.app/SFProDisplay-Medium.ttf
2024-05-29 05:23:28 +0000  copying file ./Payload/AllIn.app/SFProDisplay-Black.ttf ... 
2024-05-29 05:23:28 +0000  426564 bytes for ./Payload/AllIn.app/SFProDisplay-Black.ttf
2024-05-29 05:23:28 +0000  copying file ./Payload/AllIn.app/nanopb_Privacy.bundle/PrivacyInfo.xcprivacy ... 
374 bytes for ./Payload/AllIn.app/nanopb_Privacy.bundle/PrivacyInfo.xcprivacy
2024-05-29 05:23:28 +0000  copying file ./Payload/AllIn.app/nanopb_Privacy.bundle/Info.plist ... 
2024-05-29 05:23:28 +0000  776 bytes for ./Payload/AllIn.app/nanopb_Privacy.bundle/Info.plist
2024-05-29 05:23:28 +0000  copying file ./Payload/AllIn.app/FirebaseMessaging_Privacy.bundle/PrivacyInfo.xcprivacy ... 
2024-05-29 05:23:28 +0000  2357 bytes for ./Payload/AllIn.app/FirebaseMessaging_Privacy.bundle/PrivacyInfo.xcprivacy
copying file ./Payload/AllIn.app/FirebaseMessaging_Privacy.bundle/Info.plist ... 
2024-05-29 05:23:28 +0000  799 bytes for ./Payload/AllIn.app/FirebaseMessaging_Privacy.bundle/Info.plist
2024-05-29 05:23:28 +0000  copying file ./Payload/AllIn.app/GoogleService-Info.plist ... 
2024-05-29 05:23:28 +0000  496 bytes for ./Payload/AllIn.app/GoogleService-Info.plist
2024-05-29 05:23:28 +0000  copying file ./Payload/AllIn.app/FirebaseCoreExtension_Privacy.bundle/PrivacyInfo.xcprivacy ... 
2024-05-29 05:23:28 +0000  478 bytes for ./Payload/AllIn.app/FirebaseCoreExtension_Privacy.bundle/PrivacyInfo.xcprivacy
copying file ./Payload/AllIn.app/FirebaseCoreExtension_Privacy.bundle/Info.plist ... 
2024-05-29 05:23:28 +0000  807 bytes for ./Payload/AllIn.app/FirebaseCoreExtension_Privacy.bundle/Info.plist
2024-05-29 05:23:28 +0000  copying file ./Payload/AllIn.app/SFProDisplay-Light.ttf ... 
2024-05-29 05:23:28 +0000  432484 bytes for ./Payload/AllIn.app/SFProDisplay-Light.ttf
copying file ./Payload/AllIn.app/SFProDisplay-Regular.ttf ... 
2024-05-29 05:23:28 +0000  413924 bytes for ./Payload/AllIn.app/SFProDisplay-Regular.ttf
2024-05-29 05:23:28 +0000  copying file ./Payload/AllIn.app/RNPermissionsPrivacyInfo.bundle/PrivacyInfo.xcprivacy ... 
598 bytes for ./Payload/AllIn.app/RNPermissionsPrivacyInfo.bundle/PrivacyInfo.xcprivacy
2024-05-29 05:23:28 +0000  copying file ./Payload/AllIn.app/RNPermissionsPrivacyInfo.bundle/Info.plist ... 
2024-05-29 05:23:28 +0000  795 bytes for ./Payload/AllIn.app/RNPermissionsPrivacyInfo.bundle/Info.plist
copying file ./Payload/AllIn.app/FirebaseInstallations_Privacy.bundle/PrivacyInfo.xcprivacy ... 
2024-05-29 05:23:28 +0000  1105 bytes for ./Payload/AllIn.app/FirebaseInstallations_Privacy.bundle/PrivacyInfo.xcprivacy
2024-05-29 05:23:28 +0000  copying file ./Payload/AllIn.app/FirebaseInstallations_Privacy.bundle/Info.plist ... 
2024-05-29 05:23:28 +0000  807 bytes for ./Payload/AllIn.app/FirebaseInstallations_Privacy.bundle/Info.plist
2024-05-29 05:23:28 +0000  copying file ./Payload/AllIn.app/GoogleUtilities_Privacy.bundle/PrivacyInfo.xcprivacy ... 
2024-05-29 05:23:28 +0000  1289 bytes for ./Payload/AllIn.app/GoogleUtilities_Privacy.bundle/PrivacyInfo.xcprivacy
2024-05-29 05:23:28 +0000  copying file ./Payload/AllIn.app/GoogleUtilities_Privacy.bundle/Info.plist ... 
2024-05-29 05:23:28 +0000  793 bytes for ./Payload/AllIn.app/GoogleUtilities_Privacy.bundle/Info.plist
2024-05-29 05:23:28 +0000  copying file ./Payload/AllIn.app/main.jsbundle ... 
2024-05-29 05:23:28 +0000  2490204 bytes for ./Payload/AllIn.app/main.jsbundle
2024-05-29 05:23:28 +0000  copying file ./Payload/AllIn.app/RCTI18nStrings.bundle/de.lproj/Localizable.strings ... 
64 bytes for ./Payload/AllIn.app/RCTI18nStrings.bundle/de.lproj/Localizable.strings
2024-05-29 05:23:28 +0000  copying file ./Payload/AllIn.app/RCTI18nStrings.bundle/de.lproj/fbt_language_pack.bin ... 
1312 bytes for ./Payload/AllIn.app/RCTI18nStrings.bundle/de.lproj/fbt_language_pack.bin
2024-05-29 05:23:28 +0000  copying file ./Payload/AllIn.app/RCTI18nStrings.bundle/he.lproj/Localizable.strings ... 
2024-05-29 05:23:28 +0000  64 bytes for ./Payload/AllIn.app/RCTI18nStrings.bundle/he.lproj/Localizable.strings
copying file ./Payload/AllIn.app/RCTI18nStrings.bundle/he.lproj/fbt_language_pack.bin ... 
2024-05-29 05:23:28 +0000  1444 bytes for ./Payload/AllIn.app/RCTI18nStrings.bundle/he.lproj/fbt_language_pack.bin
2024-05-29 05:23:28 +0000  copying file ./Payload/AllIn.app/RCTI18nStrings.bundle/ar.lproj/Localizable.strings ... 
2024-05-29 05:23:28 +0000  64 bytes for ./Payload/AllIn.app/RCTI18nStrings.bundle/ar.lproj/Localizable.strings
copying file ./Payload/AllIn.app/RCTI18nStrings.bundle/ar.lproj/fbt_language_pack.bin ... 
2024-05-29 05:23:28 +0000  1500 bytes for ./Payload/AllIn.app/RCTI18nStrings.bundle/ar.lproj/fbt_language_pack.bin
2024-05-29 05:23:28 +0000  copying file ./Payload/AllIn.app/RCTI18nStrings.bundle/el.lproj/Localizable.strings ... 
2024-05-29 05:23:28 +0000  64 bytes for ./Payload/AllIn.app/RCTI18nStrings.bundle/el.lproj/Localizable.strings
2024-05-29 05:23:28 +0000  copying file ./Payload/AllIn.app/RCTI18nStrings.bundle/el.lproj/fbt_language_pack.bin ... 
2024-05-29 05:23:28 +0000  1600 bytes for ./Payload/AllIn.app/RCTI18nStrings.bundle/el.lproj/fbt_language_pack.bin
2024-05-29 05:23:28 +0000  copying file ./Payload/AllIn.app/RCTI18nStrings.bundle/zh-Hans.lproj/Localizable.strings ... 
2024-05-29 05:23:28 +0000  64 bytes for ./Payload/AllIn.app/RCTI18nStrings.bundle/zh-Hans.lproj/Localizable.strings
copying file ./Payload/AllIn.app/RCTI18nStrings.bundle/zh-Hans.lproj/fbt_language_pack.bin ... 
2024-05-29 05:23:28 +0000  1296 bytes for ./Payload/AllIn.app/RCTI18nStrings.bundle/zh-Hans.lproj/fbt_language_pack.bin
2024-05-29 05:23:28 +0000  copying file ./Payload/AllIn.app/RCTI18nStrings.bundle/ja.lproj/Localizable.strings ... 
2024-05-29 05:23:28 +0000  64 bytes for ./Payload/AllIn.app/RCTI18nStrings.bundle/ja.lproj/Localizable.strings
2024-05-29 05:23:28 +0000  copying file ./Payload/AllIn.app/RCTI18nStrings.bundle/ja.lproj/fbt_language_pack.bin ... 
2024-05-29 05:23:28 +0000  1436 bytes for ./Payload/AllIn.app/RCTI18nStrings.bundle/ja.lproj/fbt_language_pack.bin
2024-05-29 05:23:28 +0000  copying file ./Payload/AllIn.app/RCTI18nStrings.bundle/en.lproj/Localizable.strings ... 
2024-05-29 05:23:28 +0000  64 bytes for ./Payload/AllIn.app/RCTI18nStrings.bundle/en.lproj/Localizable.strings
2024-05-29 05:23:28 +0000  copying file ./Payload/AllIn.app/RCTI18nStrings.bundle/zh-Hant-HK.lproj/Localizable.strings ... 
2024-05-29 05:23:28 +0000  64 bytes for ./Payload/AllIn.app/RCTI18nStrings.bundle/zh-Hant-HK.lproj/Localizable.strings
2024-05-29 05:23:28 +0000  copying file ./Payload/AllIn.app/RCTI18nStrings.bundle/zh-Hant-HK.lproj/fbt_language_pack.bin ... 
2024-05-29 05:23:28 +0000  1296 bytes for ./Payload/AllIn.app/RCTI18nStrings.bundle/zh-Hant-HK.lproj/fbt_language_pack.bin
2024-05-29 05:23:28 +0000  copying file ./Payload/AllIn.app/RCTI18nStrings.bundle/uk.lproj/Localizable.strings ... 
2024-05-29 05:23:28 +0000  64 bytes for ./Payload/AllIn.app/RCTI18nStrings.bundle/uk.lproj/Localizable.strings
2024-05-29 05:23:28 +0000  copying file ./Payload/AllIn.app/RCTI18nStrings.bundle/uk.lproj/fbt_language_pack.bin ... 
2024-05-29 05:23:28 +0000  1564 bytes for ./Payload/AllIn.app/RCTI18nStrings.bundle/uk.lproj/fbt_language_pack.bin
2024-05-29 05:23:28 +0000  copying file ./Payload/AllIn.app/RCTI18nStrings.bundle/nb.lproj/Localizable.strings ... 
2024-05-29 05:23:28 +0000  64 bytes for ./Payload/AllIn.app/RCTI18nStrings.bundle/nb.lproj/Localizable.strings
2024-05-29 05:23:28 +0000  copying file ./Payload/AllIn.app/RCTI18nStrings.bundle/nb.lproj/fbt_language_pack.bin ... 
2024-05-29 05:23:28 +0000  1296 bytes for ./Payload/AllIn.app/RCTI18nStrings.bundle/nb.lproj/fbt_language_pack.bin
2024-05-29 05:23:28 +0000  copying file ./Payload/AllIn.app/RCTI18nStrings.bundle/en-GB.lproj/Localizable.strings ... 
2024-05-29 05:23:28 +0000  64 bytes for ./Payload/AllIn.app/RCTI18nStrings.bundle/en-GB.lproj/Localizable.strings
copying file ./Payload/AllIn.app/RCTI18nStrings.bundle/en-GB.lproj/fbt_language_pack.bin ... 
2024-05-29 05:23:28 +0000  1268 bytes for ./Payload/AllIn.app/RCTI18nStrings.bundle/en-GB.lproj/fbt_language_pack.bin
2024-05-29 05:23:28 +0000  copying file ./Payload/AllIn.app/RCTI18nStrings.bundle/es.lproj/Localizable.strings ... 
2024-05-29 05:23:28 +0000  64 bytes for ./Payload/AllIn.app/RCTI18nStrings.bundle/es.lproj/Localizable.strings
2024-05-29 05:23:28 +0000  copying file ./Payload/AllIn.app/RCTI18nStrings.bundle/es.lproj/fbt_language_pack.bin ... 
2024-05-29 05:23:28 +0000  1364 bytes for ./Payload/AllIn.app/RCTI18nStrings.bundle/es.lproj/fbt_language_pack.bin
2024-05-29 05:23:28 +0000  copying file ./Payload/AllIn.app/RCTI18nStrings.bundle/da.lproj/Localizable.strings ... 
2024-05-29 05:23:28 +0000  64 bytes for ./Payload/AllIn.app/RCTI18nStrings.bundle/da.lproj/Localizable.strings
2024-05-29 05:23:28 +0000  copying file ./Payload/AllIn.app/RCTI18nStrings.bundle/da.lproj/fbt_language_pack.bin ... 
2024-05-29 05:23:28 +0000  1300 bytes for ./Payload/AllIn.app/RCTI18nStrings.bundle/da.lproj/fbt_language_pack.bin
2024-05-29 05:23:28 +0000  copying file ./Payload/AllIn.app/RCTI18nStrings.bundle/it.lproj/Localizable.strings ... 
2024-05-29 05:23:28 +0000  64 bytes for ./Payload/AllIn.app/RCTI18nStrings.bundle/it.lproj/Localizable.strings
2024-05-29 05:23:28 +0000  copying file ./Payload/AllIn.app/RCTI18nStrings.bundle/it.lproj/fbt_language_pack.bin ... 
2024-05-29 05:23:28 +0000  1388 bytes for ./Payload/AllIn.app/RCTI18nStrings.bundle/it.lproj/fbt_language_pack.bin
2024-05-29 05:23:28 +0000  copying file ./Payload/AllIn.app/RCTI18nStrings.bundle/sk.lproj/Localizable.strings ... 
2024-05-29 05:23:28 +0000  64 bytes for ./Payload/AllIn.app/RCTI18nStrings.bundle/sk.lproj/Localizable.strings
2024-05-29 05:23:28 +0000  copying file ./Payload/AllIn.app/RCTI18nStrings.bundle/sk.lproj/fbt_language_pack.bin ... 
2024-05-29 05:23:28 +0000  1356 bytes for ./Payload/AllIn.app/RCTI18nStrings.bundle/sk.lproj/fbt_language_pack.bin
2024-05-29 05:23:28 +0000  copying file ./Payload/AllIn.app/RCTI18nStrings.bundle/es-ES.lproj/Localizable.strings ... 
2024-05-29 05:23:28 +0000  64 bytes for ./Payload/AllIn.app/RCTI18nStrings.bundle/es-ES.lproj/Localizable.strings
2024-05-29 05:23:28 +0000  copying file ./Payload/AllIn.app/RCTI18nStrings.bundle/es-ES.lproj/fbt_language_pack.bin ... 
2024-05-29 05:23:28 +0000  1368 bytes for ./Payload/AllIn.app/RCTI18nStrings.bundle/es-ES.lproj/fbt_language_pack.bin
2024-05-29 05:23:28 +0000  copying file ./Payload/AllIn.app/RCTI18nStrings.bundle/ms.lproj/Localizable.strings ... 
2024-05-29 05:23:28 +0000  64 bytes for ./Payload/AllIn.app/RCTI18nStrings.bundle/ms.lproj/Localizable.strings
2024-05-29 05:23:28 +0000  copying file ./Payload/AllIn.app/RCTI18nStrings.bundle/ms.lproj/fbt_language_pack.bin ... 
2024-05-29 05:23:28 +0000  1292 bytes for ./Payload/AllIn.app/RCTI18nStrings.bundle/ms.lproj/fbt_language_pack.bin
2024-05-29 05:23:28 +0000  copying file ./Payload/AllIn.app/RCTI18nStrings.bundle/sv.lproj/Localizable.strings ... 
2024-05-29 05:23:28 +0000  64 bytes for ./Payload/AllIn.app/RCTI18nStrings.bundle/sv.lproj/Localizable.strings
2024-05-29 05:23:28 +0000  copying file ./Payload/AllIn.app/RCTI18nStrings.bundle/sv.lproj/fbt_language_pack.bin ... 
2024-05-29 05:23:28 +0000  1300 bytes for ./Payload/AllIn.app/RCTI18nStrings.bundle/sv.lproj/fbt_language_pack.bin
2024-05-29 05:23:28 +0000  copying file ./Payload/AllIn.app/RCTI18nStrings.bundle/cs.lproj/Localizable.strings ... 
2024-05-29 05:23:28 +0000  64 bytes for ./Payload/AllIn.app/RCTI18nStrings.bundle/cs.lproj/Localizable.strings
2024-05-29 05:23:28 +0000  copying file ./Payload/AllIn.app/RCTI18nStrings.bundle/cs.lproj/fbt_language_pack.bin ... 
2024-05-29 05:23:28 +0000  1368 bytes for ./Payload/AllIn.app/RCTI18nStrings.bundle/cs.lproj/fbt_language_pack.bin
2024-05-29 05:23:28 +0000  copying file ./Payload/AllIn.app/RCTI18nStrings.bundle/ko.lproj/Localizable.strings ... 
2024-05-29 05:23:28 +0000  64 bytes for ./Payload/AllIn.app/RCTI18nStrings.bundle/ko.lproj/Localizable.strings
2024-05-29 05:23:28 +0000  copying file ./Payload/AllIn.app/RCTI18nStrings.bundle/ko.lproj/fbt_language_pack.bin ... 
2024-05-29 05:23:28 +0000  1332 bytes for ./Payload/AllIn.app/RCTI18nStrings.bundle/ko.lproj/fbt_language_pack.bin
2024-05-29 05:23:28 +0000  copying file ./Payload/AllIn.app/RCTI18nStrings.bundle/zh-Hant.lproj/Localizable.strings ... 
2024-05-29 05:23:28 +0000  64 bytes for ./Payload/AllIn.app/RCTI18nStrings.bundle/zh-Hant.lproj/Localizable.strings
2024-05-29 05:23:28 +0000  copying file ./Payload/AllIn.app/RCTI18nStrings.bundle/zh-Hant.lproj/fbt_language_pack.bin ... 
2024-05-29 05:23:28 +0000  1308 bytes for ./Payload/AllIn.app/RCTI18nStrings.bundle/zh-Hant.lproj/fbt_language_pack.bin
2024-05-29 05:23:28 +0000  copying file ./Payload/AllIn.app/RCTI18nStrings.bundle/hu.lproj/Localizable.strings ... 
2024-05-29 05:23:28 +0000  64 bytes for ./Payload/AllIn.app/RCTI18nStrings.bundle/hu.lproj/Localizable.strings
2024-05-29 05:23:28 +0000  copying file ./Payload/AllIn.app/RCTI18nStrings.bundle/hu.lproj/fbt_language_pack.bin ... 
2024-05-29 05:23:28 +0000  1348 bytes for ./Payload/AllIn.app/RCTI18nStrings.bundle/hu.lproj/fbt_language_pack.bin
2024-05-29 05:23:28 +0000  copying file ./Payload/AllIn.app/RCTI18nStrings.bundle/tr.lproj/Localizable.strings ... 
2024-05-29 05:23:28 +0000  64 bytes for ./Payload/AllIn.app/RCTI18nStrings.bundle/tr.lproj/Localizable.strings
2024-05-29 05:23:28 +0000  copying file ./Payload/AllIn.app/RCTI18nStrings.bundle/tr.lproj/fbt_language_pack.bin ... 
2024-05-29 05:23:28 +0000  1360 bytes for ./Payload/AllIn.app/RCTI18nStrings.bundle/tr.lproj/fbt_language_pack.bin
2024-05-29 05:23:28 +0000  copying file ./Payload/AllIn.app/RCTI18nStrings.bundle/pl.lproj/Localizable.strings ... 
2024-05-29 05:23:28 +0000  64 bytes for ./Payload/AllIn.app/RCTI18nStrings.bundle/pl.lproj/Localizable.strings
2024-05-29 05:23:28 +0000  copying file ./Payload/AllIn.app/RCTI18nStrings.bundle/pl.lproj/fbt_language_pack.bin ... 
2024-05-29 05:23:28 +0000  1340 bytes for ./Payload/AllIn.app/RCTI18nStrings.bundle/pl.lproj/fbt_language_pack.bin
2024-05-29 05:23:28 +0000  copying file ./Payload/AllIn.app/RCTI18nStrings.bundle/vi.lproj/Localizable.strings ... 
2024-05-29 05:23:28 +0000  64 bytes for ./Payload/AllIn.app/RCTI18nStrings.bundle/vi.lproj/Localizable.strings
2024-05-29 05:23:28 +0000  copying file ./Payload/AllIn.app/RCTI18nStrings.bundle/vi.lproj/fbt_language_pack.bin ... 
2024-05-29 05:23:28 +0000  1352 bytes for ./Payload/AllIn.app/RCTI18nStrings.bundle/vi.lproj/fbt_language_pack.bin
2024-05-29 05:23:28 +0000  copying file ./Payload/AllIn.app/RCTI18nStrings.bundle/ru.lproj/Localizable.strings ... 
2024-05-29 05:23:28 +0000  64 bytes for ./Payload/AllIn.app/RCTI18nStrings.bundle/ru.lproj/Localizable.strings
2024-05-29 05:23:28 +0000  copying file ./Payload/AllIn.app/RCTI18nStrings.bundle/ru.lproj/fbt_language_pack.bin ... 
2024-05-29 05:23:28 +0000  1576 bytes for ./Payload/AllIn.app/RCTI18nStrings.bundle/ru.lproj/fbt_language_pack.bin
2024-05-29 05:23:28 +0000  copying file ./Payload/AllIn.app/RCTI18nStrings.bundle/fr.lproj/Localizable.strings ... 
2024-05-29 05:23:28 +0000  64 bytes for ./Payload/AllIn.app/RCTI18nStrings.bundle/fr.lproj/Localizable.strings
copying file ./Payload/AllIn.app/RCTI18nStrings.bundle/fr.lproj/fbt_language_pack.bin ... 
2024-05-29 05:23:28 +0000  1360 bytes for ./Payload/AllIn.app/RCTI18nStrings.bundle/fr.lproj/fbt_language_pack.bin
2024-05-29 05:23:28 +0000  copying file ./Payload/AllIn.app/RCTI18nStrings.bundle/fi.lproj/Localizable.strings ... 
2024-05-29 05:23:28 +0000  64 bytes for ./Payload/AllIn.app/RCTI18nStrings.bundle/fi.lproj/Localizable.strings
2024-05-29 05:23:28 +0000  copying file ./Payload/AllIn.app/RCTI18nStrings.bundle/fi.lproj/fbt_language_pack.bin ... 
2024-05-29 05:23:28 +0000  1340 bytes for ./Payload/AllIn.app/RCTI18nStrings.bundle/fi.lproj/fbt_language_pack.bin
2024-05-29 05:23:28 +0000  copying file ./Payload/AllIn.app/RCTI18nStrings.bundle/id.lproj/Localizable.strings ... 
2024-05-29 05:23:28 +0000  64 bytes for ./Payload/AllIn.app/RCTI18nStrings.bundle/id.lproj/Localizable.strings
copying file ./Payload/AllIn.app/RCTI18nStrings.bundle/id.lproj/fbt_language_pack.bin ... 
2024-05-29 05:23:28 +0000  1300 bytes for ./Payload/AllIn.app/RCTI18nStrings.bundle/id.lproj/fbt_language_pack.bin
2024-05-29 05:23:28 +0000  copying file ./Payload/AllIn.app/RCTI18nStrings.bundle/nl.lproj/Localizable.strings ... 
2024-05-29 05:23:28 +0000  64 bytes for ./Payload/AllIn.app/RCTI18nStrings.bundle/nl.lproj/Localizable.strings
2024-05-29 05:23:28 +0000  copying file ./Payload/AllIn.app/RCTI18nStrings.bundle/nl.lproj/fbt_language_pack.bin ... 
2024-05-29 05:23:28 +0000  1324 bytes for ./Payload/AllIn.app/RCTI18nStrings.bundle/nl.lproj/fbt_language_pack.bin
2024-05-29 05:23:28 +0000  copying file ./Payload/AllIn.app/RCTI18nStrings.bundle/th.lproj/Localizable.strings ... 
2024-05-29 05:23:28 +0000  64 bytes for ./Payload/AllIn.app/RCTI18nStrings.bundle/th.lproj/Localizable.strings
2024-05-29 05:23:28 +0000  copying file ./Payload/AllIn.app/RCTI18nStrings.bundle/th.lproj/fbt_language_pack.bin ... 
2024-05-29 05:23:28 +0000  1784 bytes for ./Payload/AllIn.app/RCTI18nStrings.bundle/th.lproj/fbt_language_pack.bin
2024-05-29 05:23:28 +0000  copying file ./Payload/AllIn.app/RCTI18nStrings.bundle/pt.lproj/Localizable.strings ... 
2024-05-29 05:23:28 +0000  64 bytes for ./Payload/AllIn.app/RCTI18nStrings.bundle/pt.lproj/Localizable.strings
2024-05-29 05:23:28 +0000  copying file ./Payload/AllIn.app/RCTI18nStrings.bundle/pt.lproj/fbt_language_pack.bin ... 
2024-05-29 05:23:28 +0000  1356 bytes for ./Payload/AllIn.app/RCTI18nStrings.bundle/pt.lproj/fbt_language_pack.bin
2024-05-29 05:23:28 +0000  copying file ./Payload/AllIn.app/RCTI18nStrings.bundle/zu.lproj/Localizable.strings ... 
2024-05-29 05:23:28 +0000  64 bytes for ./Payload/AllIn.app/RCTI18nStrings.bundle/zu.lproj/Localizable.strings
2024-05-29 05:23:28 +0000  copying file ./Payload/AllIn.app/RCTI18nStrings.bundle/zu.lproj/fbt_language_pack.bin ... 
2024-05-29 05:23:28 +0000  2076 bytes for ./Payload/AllIn.app/RCTI18nStrings.bundle/zu.lproj/fbt_language_pack.bin
2024-05-29 05:23:28 +0000  copying file ./Payload/AllIn.app/RCTI18nStrings.bundle/pt-PT.lproj/Localizable.strings ... 
2024-05-29 05:23:28 +0000  64 bytes for ./Payload/AllIn.app/RCTI18nStrings.bundle/pt-PT.lproj/Localizable.strings
2024-05-29 05:23:28 +0000  copying file ./Payload/AllIn.app/RCTI18nStrings.bundle/pt-PT.lproj/fbt_language_pack.bin ... 
2024-05-29 05:23:28 +0000  1372 bytes for ./Payload/AllIn.app/RCTI18nStrings.bundle/pt-PT.lproj/fbt_language_pack.bin
2024-05-29 05:23:28 +0000  copying file ./Payload/AllIn.app/RCTI18nStrings.bundle/ro.lproj/Localizable.strings ... 
2024-05-29 05:23:28 +0000  64 bytes for ./Payload/AllIn.app/RCTI18nStrings.bundle/ro.lproj/Localizable.strings
2024-05-29 05:23:28 +0000  copying file ./Payload/AllIn.app/RCTI18nStrings.bundle/ro.lproj/fbt_language_pack.bin ... 
2024-05-29 05:23:28 +0000  1344 bytes for ./Payload/AllIn.app/RCTI18nStrings.bundle/ro.lproj/fbt_language_pack.bin
2024-05-29 05:23:28 +0000  copying file ./Payload/AllIn.app/RCTI18nStrings.bundle/Info.plist ... 
2024-05-29 05:23:28 +0000  774 bytes for ./Payload/AllIn.app/RCTI18nStrings.bundle/Info.plist
2024-05-29 05:23:28 +0000  copying file ./Payload/AllIn.app/RCTI18nStrings.bundle/hr.lproj/Localizable.strings ... 
2024-05-29 05:23:28 +0000  64 bytes for ./Payload/AllIn.app/RCTI18nStrings.bundle/hr.lproj/Localizable.strings
2024-05-29 05:23:28 +0000  copying file ./Payload/AllIn.app/RCTI18nStrings.bundle/hr.lproj/fbt_language_pack.bin ... 
2024-05-29 05:23:28 +0000  1352 bytes for ./Payload/AllIn.app/RCTI18nStrings.bundle/hr.lproj/fbt_language_pack.bin
2024-05-29 05:23:28 +0000  copying file ./Payload/AllIn.app/RCTI18nStrings.bundle/hi.lproj/Localizable.strings ... 
2024-05-29 05:23:28 +0000  64 bytes for ./Payload/AllIn.app/RCTI18nStrings.bundle/hi.lproj/Localizable.strings
copying file ./Payload/AllIn.app/RCTI18nStrings.bundle/hi.lproj/fbt_language_pack.bin ... 
2024-05-29 05:23:28 +0000  1640 bytes for ./Payload/AllIn.app/RCTI18nStrings.bundle/hi.lproj/fbt_language_pack.bin
2024-05-29 05:23:28 +0000  copying file ./Payload/AllIn.app/PrivacyInfo.xcprivacy ... 
2024-05-29 05:23:28 +0000  1042 bytes for ./Payload/AllIn.app/PrivacyInfo.xcprivacy
2024-05-29 05:23:28 +0000  copying file ./Payload/AllIn.app/LaunchScreen.storyboardc/01J-lp-oVM-view-Ze5-6b-2t3.nib ... 
2024-05-29 05:23:28 +0000  3813 bytes for ./Payload/AllIn.app/LaunchScreen.storyboardc/01J-lp-oVM-view-Ze5-6b-2t3.nib
2024-05-29 05:23:28 +0000  copying file ./Payload/AllIn.app/LaunchScreen.storyboardc/UIViewController-01J-lp-oVM.nib ... 
2024-05-29 05:23:28 +0000  924 bytes for ./Payload/AllIn.app/LaunchScreen.storyboardc/UIViewController-01J-lp-oVM.nib
2024-05-29 05:23:28 +0000  copying file ./Payload/AllIn.app/LaunchScreen.storyboardc/Info.plist ... 
2024-05-29 05:23:28 +0000  258 bytes for ./Payload/AllIn.app/LaunchScreen.storyboardc/Info.plist
2024-05-29 05:23:28 +0000  copying file ./Payload/AllIn.app/SFProDisplay-Bold.ttf ... 
2024-05-29 05:23:28 +0000  435904 bytes for ./Payload/AllIn.app/SFProDisplay-Bold.ttf
2024-05-29 05:23:28 +0000  copying file ./Payload/AllIn.app/embedded.mobileprovision ... 
2024-05-29 05:23:28 +0000  15097 bytes for ./Payload/AllIn.app/embedded.mobileprovision
2024-05-29 05:23:28 +0000  copying file ./Payload/AllIn.app/assets/node_modules/rn-country-picker/res/ic_back_black.png ... 
2024-05-29 05:23:28 +0000  420 bytes for ./Payload/AllIn.app/assets/node_modules/rn-country-picker/res/ic_back_black.png
2024-05-29 05:23:28 +0000  copying file ./Payload/AllIn.app/assets/node_modules/rn-country-picker/res/ic_search.png ... 
2024-05-29 05:23:28 +0000  781 bytes for ./Payload/AllIn.app/assets/node_modules/rn-country-picker/res/ic_search.png
2024-05-29 05:23:28 +0000  copying file ./Payload/AllIn.app/assets/node_modules/rn-country-picker/res/ic_drop_down.png ... 
2024-05-29 05:23:28 +0000  439 bytes for ./Payload/AllIn.app/assets/node_modules/rn-country-picker/res/ic_drop_down.png
2024-05-29 05:23:28 +0000  copying file ./Payload/AllIn.app/assets/node_modules/@react-navigation/elements/src/assets/back-icon@3x.png ... 
2024-05-29 05:23:28 +0000  761 bytes for ./Payload/AllIn.app/assets/node_modules/@react-navigation/elements/src/assets/back-icon@3x.png
2024-05-29 05:23:28 +0000  copying file ./Payload/AllIn.app/assets/node_modules/@react-navigation/elements/src/assets/back-icon@2x.png ... 
2024-05-29 05:23:28 +0000  405 bytes for ./Payload/AllIn.app/assets/node_modules/@react-navigation/elements/src/assets/back-icon@2x.png
2024-05-29 05:23:28 +0000  copying file ./Payload/AllIn.app/assets/node_modules/@react-navigation/elements/src/assets/back-icon.png ... 
2024-05-29 05:23:28 +0000  290 bytes for ./Payload/AllIn.app/assets/node_modules/@react-navigation/elements/src/assets/back-icon.png
copying file ./Payload/AllIn.app/assets/node_modules/@react-navigation/elements/src/assets/back-icon-mask.png ... 
2024-05-29 05:23:28 +0000  913 bytes for ./Payload/AllIn.app/assets/node_modules/@react-navigation/elements/src/assets/back-icon-mask.png
2024-05-29 05:23:28 +0000  copying file ./Payload/AllIn.app/assets/Src/Assets/Image/world.png ... 
2024-05-29 05:23:28 +0000  3444 bytes for ./Payload/AllIn.app/assets/Src/Assets/Image/world.png
2024-05-29 05:23:28 +0000  copying file ./Payload/AllIn.app/assets/Src/Assets/Image/bottomtme.png ... 
2024-05-29 05:23:28 +0000  1509 bytes for ./Payload/AllIn.app/assets/Src/Assets/Image/bottomtme.png
2024-05-29 05:23:28 +0000  copying file ./Payload/AllIn.app/assets/Src/Assets/Image/bellicon.png ... 
2024-05-29 05:23:28 +0000  5542 bytes for ./Payload/AllIn.app/assets/Src/Assets/Image/bellicon.png
2024-05-29 05:23:28 +0000  copying file ./Payload/AllIn.app/assets/Src/Assets/Image/check.png ... 
2024-05-29 05:23:28 +0000  6692 bytes for ./Payload/AllIn.app/assets/Src/Assets/Image/check.png
2024-05-29 05:23:28 +0000  copying file ./Payload/AllIn.app/assets/Src/Assets/Image/+.png ... 
305 bytes for ./Payload/AllIn.app/assets/Src/Assets/Image/+.png
2024-05-29 05:23:28 +0000  copying file ./Payload/AllIn.app/assets/Src/Assets/Image/policy.png ... 
2024-05-29 05:23:28 +0000  12019 bytes for ./Payload/AllIn.app/assets/Src/Assets/Image/policy.png
copying file ./Payload/AllIn.app/assets/Src/Assets/Image/terms.png ... 
2024-05-29 05:23:28 +0000  11332 bytes for ./Payload/AllIn.app/assets/Src/Assets/Image/terms.png
2024-05-29 05:23:28 +0000  copying file ./Payload/AllIn.app/assets/Src/Assets/Image/instagram.png ... 
2024-05-29 05:23:28 +0000  9147 bytes for ./Payload/AllIn.app/assets/Src/Assets/Image/instagram.png
2024-05-29 05:23:28 +0000  copying file ./Payload/AllIn.app/assets/Src/Assets/Image/userimg.png ... 
2024-05-29 05:23:28 +0000  49526 bytes for ./Payload/AllIn.app/assets/Src/Assets/Image/userimg.png
2024-05-29 05:23:28 +0000  copying file ./Payload/AllIn.app/assets/Src/Assets/Image/down.png ... 
2024-05-29 05:23:28 +0000  889 bytes for ./Payload/AllIn.app/assets/Src/Assets/Image/down.png
copying file ./Payload/AllIn.app/assets/Src/Assets/Image/logout.png ... 
2024-05-29 05:23:28 +0000  1669 bytes for ./Payload/AllIn.app/assets/Src/Assets/Image/logout.png
2024-05-29 05:23:28 +0000  copying file ./Payload/AllIn.app/assets/Src/Assets/Image/dott.png ... 
2024-05-29 05:23:28 +0000  6746 bytes for ./Payload/AllIn.app/assets/Src/Assets/Image/dott.png
2024-05-29 05:23:28 +0000  copying file ./Payload/AllIn.app/assets/Src/Assets/Image/user.png ... 
2024-05-29 05:23:28 +0000  2644 bytes for ./Payload/AllIn.app/assets/Src/Assets/Image/user.png
2024-05-29 05:23:28 +0000  copying file ./Payload/AllIn.app/assets/Src/Assets/Image/reply.png ... 
2024-05-29 05:23:28 +0000  7140 bytes for ./Payload/AllIn.app/assets/Src/Assets/Image/reply.png
2024-05-29 05:23:28 +0000  copying file ./Payload/AllIn.app/assets/Src/Assets/Image/bottomchat.png ... 
2024-05-29 05:23:28 +0000  2080 bytes for ./Payload/AllIn.app/assets/Src/Assets/Image/bottomchat.png
2024-05-29 05:23:28 +0000  copying file ./Payload/AllIn.app/assets/Src/Assets/Image/eraser.png ... 
2024-05-29 05:23:28 +0000  1489 bytes for ./Payload/AllIn.app/assets/Src/Assets/Image/eraser.png
2024-05-29 05:23:28 +0000  copying file ./Payload/AllIn.app/assets/Src/Assets/Image/search.png ... 
2024-05-29 05:23:28 +0000  1118 bytes for ./Payload/AllIn.app/assets/Src/Assets/Image/search.png
2024-05-29 05:23:28 +0000  copying file ./Payload/AllIn.app/assets/Src/Assets/Image/bottomfeed.png ... 
2024-05-29 05:23:28 +0000  882 bytes for ./Payload/AllIn.app/assets/Src/Assets/Image/bottomfeed.png
2024-05-29 05:23:28 +0000  copying file ./Payload/AllIn.app/assets/Src/Assets/Image/block.png ... 
2024-05-29 05:23:28 +0000  21566 bytes for ./Payload/AllIn.app/assets/Src/Assets/Image/block.png
2024-05-29 05:23:28 +0000  copying file ./Payload/AllIn.app/assets/Src/Assets/Image/help.png ... 
2024-05-29 05:23:28 +0000  3077 bytes for ./Payload/AllIn.app/assets/Src/Assets/Image/help.png
2024-05-29 05:23:28 +0000  copying file ./Payload/AllIn.app/assets/Src/Assets/Image/bottomicon.png ... 
2024-05-29 05:23:28 +0000  5935 bytes for ./Payload/AllIn.app/assets/Src/Assets/Image/bottomicon.png
2024-05-29 05:23:28 +0000  copying file ./Payload/AllIn.app/assets/Src/Assets/Image/twitter.png ... 
2024-05-29 05:23:28 +0000  3129 bytes for ./Payload/AllIn.app/assets/Src/Assets/Image/twitter.png
2024-05-29 05:23:28 +0000  copying file ./Payload/AllIn.app/assets/Src/Assets/Image/linkedin.png ... 
2024-05-29 05:23:28 +0000  2864 bytes for ./Payload/AllIn.app/assets/Src/Assets/Image/linkedin.png
2024-05-29 05:23:28 +0000  copying file ./Payload/AllIn.app/assets/Src/Assets/Image/bin.png ... 
2024-05-29 05:23:28 +0000  1075 bytes for ./Payload/AllIn.app/assets/Src/Assets/Image/bin.png
2024-05-29 05:23:28 +0000  copying file ./Payload/AllIn.app/assets/Src/Assets/Image/invite2.png ... 
2024-05-29 05:23:28 +0000  1118 bytes for ./Payload/AllIn.app/assets/Src/Assets/Image/invite2.png
2024-05-29 05:23:28 +0000  copying file ./Payload/AllIn.app/assets/Src/Assets/Image/chatnext.png ... 
2024-05-29 05:23:28 +0000  892 bytes for ./Payload/AllIn.app/assets/Src/Assets/Image/chatnext.png
2024-05-29 05:23:28 +0000  copying file ./Payload/AllIn.app/assets/Src/Assets/Image/youtube.png ... 
2024-05-29 05:23:28 +0000  1993 bytes for ./Payload/AllIn.app/assets/Src/Assets/Image/youtube.png
2024-05-29 05:23:28 +0000  copying file ./Payload/AllIn.app/assets/Src/Assets/Image/edit.png ... 
2024-05-29 05:23:28 +0000  3190 bytes for ./Payload/AllIn.app/assets/Src/Assets/Image/edit.png
2024-05-29 05:23:28 +0000  copying file ./Payload/AllIn.app/assets/Src/Assets/Image/telephone.png ... 
2024-05-29 05:23:28 +0000  15205 bytes for ./Payload/AllIn.app/assets/Src/Assets/Image/telephone.png
2024-05-29 05:23:28 +0000  copying file ./Payload/AllIn.app/assets/Src/Assets/Image/notice.png ... 
2024-05-29 05:23:28 +0000  24656 bytes for ./Payload/AllIn.app/assets/Src/Assets/Image/notice.png
2024-05-29 05:23:28 +0000  copying file ./Payload/AllIn.app/assets/Src/Assets/Image/mute.png ... 
2024-05-29 05:23:28 +0000  1606 bytes for ./Payload/AllIn.app/assets/Src/Assets/Image/mute.png
2024-05-29 05:23:28 +0000  copying file ./Payload/AllIn.app/assets/Src/Assets/Image/security.png ... 
2024-05-29 05:23:28 +0000  2726 bytes for ./Payload/AllIn.app/assets/Src/Assets/Image/security.png
2024-05-29 05:23:28 +0000  copying file ./Payload/AllIn.app/assets/Src/Assets/Image/admin.jpg ... 
2024-05-29 05:23:28 +0000  4944 bytes for ./Payload/AllIn.app/assets/Src/Assets/Image/admin.jpg
2024-05-29 05:23:28 +0000  copying file ./Payload/AllIn.app/assets/Src/Assets/Image/voice.png ... 
2024-05-29 05:23:28 +0000  959 bytes for ./Payload/AllIn.app/assets/Src/Assets/Image/voice.png
2024-05-29 05:23:28 +0000  copying file ./Payload/AllIn.app/assets/Src/Assets/Image/facebook.png ... 
2024-05-29 05:23:28 +0000  2614 bytes for ./Payload/AllIn.app/assets/Src/Assets/Image/facebook.png
2024-05-29 05:23:28 +0000  copying file ./Payload/AllIn.app/assets/Src/Assets/Image/camera.png ... 
2024-05-29 05:23:28 +0000  3086 bytes for ./Payload/AllIn.app/assets/Src/Assets/Image/camera.png
2024-05-29 05:23:28 +0000  copying file ./Payload/AllIn.app/assets/Src/Assets/Image/send.png ... 
2024-05-29 05:23:28 +0000  1107 bytes for ./Payload/AllIn.app/assets/Src/Assets/Image/send.png
2024-05-29 05:23:28 +0000  copying file ./Payload/AllIn.app/assets/Src/Assets/Image/box.png ... 
2024-05-29 05:23:28 +0000  5360 bytes for ./Payload/AllIn.app/assets/Src/Assets/Image/box.png
2024-05-29 05:23:28 +0000  copying file ./Payload/AllIn.app/assets/Src/Assets/Image/allin_logo.png ... 
2024-05-29 05:23:28 +0000  17377 bytes for ./Payload/AllIn.app/assets/Src/Assets/Image/allin_logo.png
2024-05-29 05:23:28 +0000  copying file ./Payload/AllIn.app/assets/Src/Assets/Image/back.png ... 
2024-05-29 05:23:28 +0000  356 bytes for ./Payload/AllIn.app/assets/Src/Assets/Image/back.png
2024-05-29 05:23:28 +0000  copying file ./Payload/AllIn.app/assets/Src/Assets/Image/image.png ... 
2024-05-29 05:23:28 +0000  1649 bytes for ./Payload/AllIn.app/assets/Src/Assets/Image/image.png
2024-05-29 05:23:28 +0000  copying file ./Payload/AllIn.app/assets/Src/Assets/Image/bottomboard.png ... 
2024-05-29 05:23:28 +0000  1259 bytes for ./Payload/AllIn.app/assets/Src/Assets/Image/bottomboard.png
2024-05-29 05:23:28 +0000  copying file ./Payload/AllIn.app/SFProDisplay-Semibold.ttf ... 
2024-05-29 05:23:28 +0000  435008 bytes for ./Payload/AllIn.app/SFProDisplay-Semibold.ttf
2024-05-29 05:23:28 +0000  copying file ./Payload/AllIn.app/SFProDisplay-Heavy.ttf ... 
2024-05-29 05:23:28 +0000  438128 bytes for ./Payload/AllIn.app/SFProDisplay-Heavy.ttf
2024-05-29 05:23:28 +0000  copying file ./Payload/AllIn.app/Info.plist ... 
3442 bytes for ./Payload/AllIn.app/Info.plist
2024-05-29 05:23:28 +0000  copying file ./Payload/AllIn.app/RNCAsyncStorage_resources.bundle/PrivacyInfo.xcprivacy ... 
2024-05-29 05:23:28 +0000  512 bytes for ./Payload/AllIn.app/RNCAsyncStorage_resources.bundle/PrivacyInfo.xcprivacy
copying file ./Payload/AllIn.app/RNCAsyncStorage_resources.bundle/Info.plist ... 
2024-05-29 05:23:28 +0000  797 bytes for ./Payload/AllIn.app/RNCAsyncStorage_resources.bundle/Info.plist
2024-05-29 05:23:28 +0000  copying file ./Payload/AllIn.app/PkgInfo ... 
2024-05-29 05:23:28 +0000  8 bytes for ./Payload/AllIn.app/PkgInfo
copying file ./Payload/AllIn.app/SFProDisplay-Thin.ttf ... 
2024-05-29 05:23:28 +0000  434600 bytes for ./Payload/AllIn.app/SFProDisplay-Thin.ttf
2024-05-29 05:23:28 +0000  /usr/bin/ditto exited with 0
2024-05-29 05:23:28 +0000  Processing step: IDEDistributionAppStoreInformationStep
2024-05-29 05:23:28 +0000  Skipping step: IDEDistributionAppStoreInformationStep because it said so
2024-05-29 05:23:28 +0000  Processing step: IDEDistributionGenerateProcessedDistributionItems
2024-05-29 05:23:28 +0000  IDEDistributionItem init <DVTFilePath:0x6000173dda80:'/var/folders/kt/88rnxc0x0jx5gltvnrtvyy4h0000gn/T/XcodeDistPipeline.~~~8cn4Cc/Root/Payload/AllIn.app'>
2024-05-29 05:23:28 +0000  Processing step: IDEDistributionCreateManifestStep
